[ Jun 19 2022 03:49:41:2510] | [+] Address at index 1 cleaned | Cleaned Address: 165, West 4th Street, Chillicothe, Ross County, Ohio, 45601, United States
[ Jun 19 2022 03:49:42:2464] | [+] Address at index 2 cleaned | Cleaned Address: 291, South Paint Street, Chillicothe, Ross County, Ohio, 45601, United States
[ Jun 19 2022 03:49:43:2499] | [+] Address at index 3 cleaned | Cleaned Address: 104, South High Street, Waverly Estates, Waverly City, Pike County, Ohio, 45690, United States
[ Jun 19 2022 03:49:44:2361] | [+] Address at index 4 cleaned | Cleaned Address: 211, Schmitt Drive, Kilgore Estates, Waverly City, Pike County, Ohio, 45690, United States
[ Jun 19 2022 03:49:45:3748] | [+] Address at index 5 cleaned | Cleaned Address: Exception Raised: 'NoneType' object has no attribute 'address'
[ Jun 19 2022 03:49:46:2551] | [+] Address at index 6 cleaned | Cleaned Address: East Millinocket First Congregational, 11, Maple Street, East Millinocket, Penobscot County, Maine, 04430, United States
[ Jun 19 2022 03:49:47:5613] | [+] Address at index 7 cleaned | Cleaned Address: Exception Raised: 'NoneType' object has no attribute 'address'
[ Jun 19 2022 03:49:48:2554] | [+] Address at index 8 cleaned | Cleaned Address: Green Street United Methodist Church, 13, Green Street, Augusta, Kennebec County, Maine, 04330, United States
[ Jun 19 2022 03:49:49:2683] | [+] Address at index 9 cleaned | Cleaned Address: Penney Memorial United Baptist Church, 393, Water Street, Augusta, Kennebec County, Maine, 04330, United States
[ Jun 19 2022 03:49:50:2284] | [+] Address at index 10 cleaned | Cleaned Address: Exception Raised: 'NoneType' object has no attribute 'address'
[ Jun 19 2022 03:49:51:2367] | [+] Address at index 11 cleaned | Cleaned Address: Exception Raised: 'NoneType' object has no attribute 'address'
[ Jun 19 2022 03:49:52:2349] | [+] Address at index 12 cleaned | Cleaned Address: Exception Raised: 'NoneType' object has no attribute 'address'
[ Jun 19 2022 03:49:53:2473] | [+] Address at index 13 cleaned | Cleaned Address: 165, West 4th Street, Chillicothe, Ross County, Ohio, 45601, United States
[ Jun 19 2022 03:49:54:2388] | [+] Address at index 14 cleaned | Cleaned Address: 291, South Paint Street, Chillicothe, Ross County, Ohio, 45601, United States
[ Jun 19 2022 03:49:55:2648] | [+] Address at index 15 cleaned | Cleaned Address: 104, South High Street, Waverly Estates, Waverly City, Pike County, Ohio, 45690, United States
[ Jun 19 2022 03:49:56:3155] | [+] Address at index 16 cleaned | Cleaned Address: 211, Schmitt Drive, Kilgore Estates, Waverly City, Pike County, Ohio, 45690, United States
[ Jun 19 2022 03:49:57:8584] | [+] Address at index 17 cleaned | Cleaned Address: Exception Raised: 'NoneType' object has no attribute 'address'
[ Jun 19 2022 03:49:58:6948] | [+] Address at index 18 cleaned | Cleaned Address: East Millinocket First Congregational, 11, Maple Street, East Millinocket, Penobscot County, Maine, 04430, United States
[ Jun 19 2022 03:49:59:9921] | [+] Address at index 19 cleaned | Cleaned Address: Exception Raised: 'NoneType' object has no attribute 'address'
[ Jun 19 2022 03:50:00:7081] | [+] Address at index 20 cleaned | Cleaned Address: Green Street United Methodist Church, 13, Green Street, Augusta, Kennebec County, Maine, 04330, United States
[ Jun 19 2022 03:50:01:7160] | [+] Address at index 21 cleaned | Cleaned Address: Penney Memorial United Baptist Church, 393, Water Street, Augusta, Kennebec County, Maine, 04330, United States
[ Jun 19 2022 03:50:02:6818] | [+] Address at index 22 cleaned | Cleaned Address: Exception Raised: 'NoneType' object has no attribute 'address'
[ Jun 19 2022 03:50:03:6894] | [+] Address at index 23 cleaned | Cleaned Address: Exception Raised: 'NoneType' object has no attribute 'address'
[ Jun 19 2022 03:50:04:6841] | [+] Address at index 24 cleaned | Cleaned Address: Exception Raised: 'NoneType' object has no attribute 'address'
[ Jun 19 2022 03:50:05:6762] | [+] Address at index 25 cleaned | Cleaned Address: Exception Raised: 'NoneType' object has no attribute 'address'
[ Jun 19 2022 03:50:06:7992] | [+] Address at index 26 cleaned | Cleaned Address: 24, Maple Street, Contoocook, Hopkinton, Merrimack County, New Hampshire, 03229, United States
[ Jun 19 2022 03:50:07:7763] | [+] Address at index 27 cleaned | Cleaned Address: Exception Raised: 'NoneType' object has no attribute 'address'
[ Jun 19 2022 03:50:08:7814] | [+] Address at index 28 cleaned | Cleaned Address: 1330, Hooksett Road, Hooksett, Merrimack County, New Hampshire, 03106, United States
[ Jun 19 2022 03:50:09:7611] | [+] Address at index 29 cleaned | Cleaned Address: Exception Raised: 'NoneType' object has no attribute 'address'
[ Jun 19 2022 03:50:10:7609] | [+] Address at index 30 cleaned | Cleaned Address: Exception Raised: 'NoneType' object has no attribute 'address'
[ Jun 19 2022 03:50:11:7813] | [+] Address at index 31 cleaned | Cleaned Address: 50, Westminster Street, Walpole, Cheshire County, New Hampshire, 03608, United States
[ Jun 19 2022 03:50:12:7986] | [+] Address at index 32 cleaned | Cleaned Address: 162, Village Road, South Newbury, Newbury, Merrimack County, New Hampshire, 03255, United States
[ Jun 19 2022 03:50:13:7607] | [+] Address at index 33 cleaned | Cleaned Address: Exception Raised: 'NoneType' object has no attribute 'address'
[ Jun 19 2022 03:50:14:8404] | [+] Address at index 34 cleaned | Cleaned Address: Stevens Memorial Hall, 1, Chester Street, Chester, Rockingham County, New Hampshire, 03036, United States
[ Jun 19 2022 03:50:15:7605] | [+] Address at index 35 cleaned | Cleaned Address: Exception Raised: 'NoneType' object has no attribute 'address'
[ Jun 19 2022 03:50:16:7561] | [+] Address at index 36 cleaned | Cleaned Address: Exception Raised: 'NoneType' object has no attribute 'address'
[ Jun 19 2022 03:50:17:8070] | [+] Address at index 37 cleaned | Cleaned Address: 2759, South King Street, Moiliili, Kapahulu, Honolulu, Honolulu County, Hawaii, 96826, United States
[ Jun 19 2022 03:50:18:7877] | [+] Address at index 38 cleaned | Cleaned Address: 2747, Pali Highway, Nuuanu, Honolulu, Honolulu County, Hawaii, 96817, United States
[ Jun 19 2022 03:50:19:7756] | [+] Address at index 39 cleaned | Cleaned Address: Waikiki Community Center, 310, Paoakalani Avenue, Kapahulu, Honolulu, Honolulu County, Hawaii, 96815, United States
[ Jun 19 2022 03:50:20:8026] | [+] Address at index 40 cleaned | Cleaned Address: Kalanianaole Highway, Maunawili, Honolulu County, Hawaii, 96734, United States
[ Jun 19 2022 03:50:21:7914] | [+] Address at index 41 cleaned | Cleaned Address: 766, North King Street, Iwilei, Honolulu, Honolulu County, Hawaii, 96817, United States
[ Jun 19 2022 03:50:22:7847] | [+] Address at index 42 cleaned | Cleaned Address: 309, Church Avenue, Huntsville, Madison County, Arkansas, 72740, United States
[ Jun 19 2022 03:50:23:7704] | [+] Address at index 43 cleaned | Cleaned Address: Exception Raised: 'NoneType' object has no attribute 'address'
[ Jun 19 2022 03:50:24:7579] | [+] Address at index 44 cleaned | Cleaned Address: Exception Raised: 'NoneType' object has no attribute 'address'
[ Jun 19 2022 03:50:25:7647] | [+] Address at index 45 cleaned | Cleaned Address: Exception Raised: 'NoneType' object has no attribute 'address'
[ Jun 19 2022 03:50:26:7644] | [+] Address at index 46 cleaned | Cleaned Address: 1631, Esmeralda Place, Minden, Douglas County, Nevada, 89423, United States
[ Jun 19 2022 03:50:27:7611] | [+] Address at index 47 cleaned | Cleaned Address: Exception Raised: 'NoneType' object has no attribute 'address'
[ Jun 19 2022 03:50:28:7705] | [+] Address at index 48 cleaned | Cleaned Address: Exception Raised: 'NoneType' object has no attribute 'address'
[ Jun 19 2022 03:50:29:7887] | [+] Address at index 49 cleaned | Cleaned Address: 850, West 4th Street, Fallon, Churchill County, Nevada, 89406, United States
[ Jun 19 2022 03:50:30:8025] | [+] Address at index 50 cleaned | Cleaned Address: Esmeralda Street, Fallon, Churchill County, Nevada, 89406, United States
[ Jun 19 2022 03:50:31:7790] | [+] Address at index 51 cleaned | Cleaned Address: 915, Wells Avenue, West Wendover, Elko County, Nevada, 89883, United States
[ Jun 19 2022 03:50:35:9575] | [+] Address at index 52 cleaned | Cleaned Address: Exception Raised: HTTPSConnectionPool(host='nominatim.openstreetmap.org', port=443): Max retries exceeded with url: /search?q=500+Avenue+De+La+Bleu+De+Clair+Sparks%2C+Nevada%2C+89434&format=json&limit=1 (Caused by ReadTimeoutError("HTTPSConnectionPool(host='nominatim.openstreetmap.org', port=443): Read timed out. (read timeout=1)"))
[ Jun 19 2022 03:50:37:3253] | [+] Address at index 53 cleaned | Cleaned Address: Exception Raised: 'NoneType' object has no attribute 'address'
[ Jun 19 2022 03:50:38:0054] | [+] Address at index 54 cleaned | Cleaned Address: Exception Raised: 'NoneType' object has no attribute 'address'
[ Jun 19 2022 03:50:38:9511] | [+] Address at index 55 cleaned | Cleaned Address: Exception Raised: 'NoneType' object has no attribute 'address'
[ Jun 19 2022 03:50:39:9462] | [+] Address at index 56 cleaned | Cleaned Address: Exception Raised: 'NoneType' object has no attribute 'address'
[ Jun 19 2022 03:50:40:9462] | [+] Address at index 57 cleaned | Cleaned Address: Exception Raised: 'NoneType' object has no attribute 'address'
[ Jun 19 2022 03:50:41:9500] | [+] Address at index 58 cleaned | Cleaned Address: Exception Raised: 'NoneType' object has no attribute 'address'
[ Jun 19 2022 03:50:43:4615] | [+] Address at index 59 cleaned | Cleaned Address: Exception Raised: 'NoneType' object has no attribute 'address'
[ Jun 19 2022 03:50:44:4479] | [+] Address at index 60 cleaned | Cleaned Address: Exception Raised: 'NoneType' object has no attribute 'address'
[ Jun 19 2022 03:50:45:4439] | [+] Address at index 61 cleaned | Cleaned Address: Exception Raised: 'NoneType' object has no attribute 'address'
[ Jun 19 2022 03:50:46:4425] | [+] Address at index 62 cleaned | Cleaned Address: Exception Raised: 'NoneType' object has no attribute 'address'
[ Jun 19 2022 03:50:47:4480] | [+] Address at index 63 cleaned | Cleaned Address: Exception Raised: 'NoneType' object has no attribute 'address'
[ Jun 19 2022 03:50:48:5782] | [+] Address at index 64 cleaned | Cleaned Address: Exception Raised: 'NoneType' object has no attribute 'address'
[ Jun 19 2022 03:50:49:4666] | [+] Address at index 65 cleaned | Cleaned Address: 302, North Cody Road, Le Claire, Leclaire Township, Scott County, Iowa, 52753, United States
[ Jun 19 2022 03:50:50:4622] | [+] Address at index 66 cleaned | Cleaned Address: 818, 6th Avenue, DeWitt, Clinton County, Iowa, 52742, United States
[ Jun 19 2022 03:50:51:4728] | [+] Address at index 67 cleaned | Cleaned Address: 305, 8th Street, Alton, Sioux County, Iowa, 51003, United States
[ Jun 19 2022 03:50:52:4438] | [+] Address at index 68 cleaned | Cleaned Address: Exception Raised: 'NoneType' object has no attribute 'address'
[ Jun 19 2022 03:50:53:4424] | [+] Address at index 69 cleaned | Cleaned Address: Exception Raised: 'NoneType' object has no attribute 'address'
[ Jun 19 2022 03:50:54:4432] | [+] Address at index 70 cleaned | Cleaned Address: Exception Raised: 'NoneType' object has no attribute 'address'
[ Jun 19 2022 03:50:55:4466] | [+] Address at index 71 cleaned | Cleaned Address: Exception Raised: 'NoneType' object has no attribute 'address'
[ Jun 19 2022 03:50:56:4393] | [+] Address at index 72 cleaned | Cleaned Address: Exception Raised: 'NoneType' object has no attribute 'address'
[ Jun 19 2022 03:50:57:4427] | [+] Address at index 73 cleaned | Cleaned Address: Exception Raised: 'NoneType' object has no attribute 'address'
[ Jun 19 2022 03:50:58:4401] | [+] Address at index 74 cleaned | Cleaned Address: Exception Raised: 'NoneType' object has no attribute 'address'
[ Jun 19 2022 03:50:59:4447] | [+] Address at index 75 cleaned | Cleaned Address: Exception Raised: 'NoneType' object has no attribute 'address'
[ Jun 19 2022 03:51:00:4395] | [+] Address at index 76 cleaned | Cleaned Address: Exception Raised: 'NoneType' object has no attribute 'address'
[ Jun 19 2022 03:51:01:4415] | [+] Address at index 77 cleaned | Cleaned Address: Exception Raised: 'NoneType' object has no attribute 'address'
[ Jun 19 2022 03:51:02:4439] | [+] Address at index 78 cleaned | Cleaned Address: Exception Raised: 'NoneType' object has no attribute 'address'
[ Jun 19 2022 03:51:03:4388] | [+] Address at index 79 cleaned | Cleaned Address: Exception Raised: 'NoneType' object has no attribute 'address'
[ Jun 19 2022 03:51:04:4746] | [+] Address at index 80 cleaned | Cleaned Address: 207, Church Street, Royal, Clay County, Iowa, 51357, United States
[ Jun 19 2022 03:51:05:4393] | [+] Address at index 81 cleaned | Cleaned Address: Exception Raised: 'NoneType' object has no attribute 'address'
[ Jun 19 2022 03:51:06:4742] | [+] Address at index 82 cleaned | Cleaned Address: 706, 14th Avenue South, Ingram Beach, Crescent Beach, North Myrtle Beach, Horry County, South Carolina, 29582, United States
[ Jun 19 2022 03:51:07:4408] | [+] Address at index 83 cleaned | Cleaned Address: Exception Raised: 'NoneType' object has no attribute 'address'
[ Jun 19 2022 03:51:08:6035] | [+] Address at index 84 cleaned | Cleaned Address: Exception Raised: 'NoneType' object has no attribute 'address'
[ Jun 19 2022 03:51:09:4485] | [+] Address at index 85 cleaned | Cleaned Address: Exception Raised: 'NoneType' object has no attribute 'address'
[ Jun 19 2022 03:51:10:4836] | [+] Address at index 86 cleaned | Cleaned Address: 1100, 33rd Avenue South, Timber Ridge, North Myrtle Beach, Horry County, South Carolina, 29582, United States
[ Jun 19 2022 03:51:11:4821] | [+] Address at index 87 cleaned | Cleaned Address: 801, 11th Avenue North, Tilghman Estates, Ocean Drive Beach, North Myrtle Beach, Horry County, South Carolina, 29582, United States
[ Jun 19 2022 03:51:12:4501] | [+] Address at index 88 cleaned | Cleaned Address: Exception Raised: 'NoneType' object has no attribute 'address'
[ Jun 19 2022 03:51:13:5977] | [+] Address at index 89 cleaned | Cleaned Address: Exception Raised: 'NoneType' object has no attribute 'address'
[ Jun 19 2022 03:51:14:4414] | [+] Address at index 90 cleaned | Cleaned Address: Exception Raised: 'NoneType' object has no attribute 'address'
[ Jun 19 2022 03:51:15:4422] | [+] Address at index 91 cleaned | Cleaned Address: Exception Raised: 'NoneType' object has no attribute 'address'
[ Jun 19 2022 03:51:16:4671] | [+] Address at index 92 cleaned | Cleaned Address: 425, North Dupont Highway, East Lake Gardens, Dover, Kent County, Delaware, 19901, United States
[ Jun 19 2022 03:51:17:4703] | [+] Address at index 93 cleaned | Cleaned Address: Bayhealth Kent General, 640, South State Street, Morris Estates, Dover, Kent County, Delaware, 19901, United States
[ Jun 19 2022 03:51:18:4468] | [+] Address at index 94 cleaned | Cleaned Address: Exception Raised: 'NoneType' object has no attribute 'address'
[ Jun 19 2022 03:51:19:4747] | [+] Address at index 95 cleaned | Cleaned Address: 1818, North Little Creek Road, Dover, Kent County, Delaware, 19901, United States
[ Jun 19 2022 03:51:20:4436] | [+] Address at index 96 cleaned | Cleaned Address: Exception Raised: 'NoneType' object has no attribute 'address'
[ Jun 19 2022 03:51:21:4642] | [+] Address at index 97 cleaned | Cleaned Address: 46, South Bradford Street, Dover, Kent County, Delaware, 19904, United States
[ Jun 19 2022 03:51:23:8550] | [+] Address at index 98 cleaned | Cleaned Address: Exception Raised: 'NoneType' object has no attribute 'address'
[ Jun 19 2022 03:51:24:5596] | [+] Address at index 99 cleaned | Cleaned Address: Exception Raised: 'NoneType' object has no attribute 'address'
[ Jun 19 2022 03:51:25:4826] | [+] Address at index 100 cleaned | Cleaned Address: 514, Park Avenue, Island Park, Portsmouth, Newport County, Rhode Island, 02871, United States
[ Jun 19 2022 03:51:26:4416] | [+] Address at index 101 cleaned | Cleaned Address: Exception Raised: 'NoneType' object has no attribute 'address'
[ Jun 19 2022 03:51:27:4498] | [+] Address at index 102 cleaned | Cleaned Address: Exception Raised: 'NoneType' object has no attribute 'address'
[ Jun 19 2022 03:51:28:4900] | [+] Address at index 103 cleaned | Cleaned Address: 1000, West Main Road, Portsmouth, Newport County, Rhode Island, 02871, United States
[ Jun 19 2022 03:51:29:4463] | [+] Address at index 104 cleaned | Cleaned Address: Exception Raised: 'NoneType' object has no attribute 'address'
[ Jun 19 2022 03:51:30:4704] | [+] Address at index 105 cleaned | Cleaned Address: 933, Anthony Road, Common Fence Point, Portsmouth, Newport County, Rhode Island, 02871, United States
[ Jun 19 2022 03:51:31:4892] | [+] Address at index 106 cleaned | Cleaned Address: 1665, Broad Street, Edgewood, Cranston, Providence County, Rhode Island, 02905, United States
[ Jun 19 2022 03:51:32:4461] | [+] Address at index 107 cleaned | Cleaned Address: Exception Raised: 'NoneType' object has no attribute 'address'
[ Jun 19 2022 03:51:33:4764] | [+] Address at index 108 cleaned | Cleaned Address: 915, Newport Avenue, Pawtucket, Providence County, Rhode Island, 02861, United States
[ Jun 19 2022 03:51:34:4690] | [+] Address at index 109 cleaned | Cleaned Address: 153, North Meridian Road, Kalispell, Flathead County, Montana, 59901, United States
[ Jun 19 2022 03:51:35:5327] | [+] Address at index 110 cleaned | Cleaned Address: West 4th Avenue, Big Timber, Sweet Grass County, Montana, 59011, United States
[ Jun 19 2022 03:51:36:4834] | [+] Address at index 111 cleaned | Cleaned Address: 102, East Main Street, Four Seasons Trailer Court, Sidney, Richland County, Montana, 59270, United States
[ Jun 19 2022 03:51:37:4646] | [+] Address at index 112 cleaned | Cleaned Address: 416, 2nd Street Northwest, Four Seasons Trailer Court, Sidney, Richland County, Montana, 59270, United States
[ Jun 19 2022 03:51:38:4581] | [+] Address at index 113 cleaned | Cleaned Address: 209, East Front Avenue, Joliet, Carbon County, Montana, 59041, United States
[ Jun 19 2022 03:51:38:9888] | [+] Address at index 114 cleaned | Cleaned Address: 15, Main Street, Dutton, Teton County, Montana, 59433, United States
[ Jun 19 2022 03:51:39:5277] | [+] Address at index 115 cleaned | Cleaned Address: Big Sky Medical Center, 334, Town Center Avenue, Big Sky Meadow Village, Big Sky, Gallatin County, Montana, 59716, United States
[ Jun 19 2022 03:51:40:0580] | [+] Address at index 116 cleaned | Cleaned Address: 510, Little Coyote Road, Big Sky Meadow Village, Big Sky, Gallatin County, Montana, 59716, United States
[ Jun 19 2022 03:51:40:5721] | [+] Address at index 117 cleaned | Cleaned Address: Exception Raised: 'NoneType' object has no attribute 'address'
[ Jun 19 2022 03:51:41:1049] | [+] Address at index 118 cleaned | Cleaned Address: Exception Raised: 'NoneType' object has no attribute 'address'
[ Jun 19 2022 03:51:41:6357] | [+] Address at index 119 cleaned | Cleaned Address: Exception Raised: 'NoneType' object has no attribute 'address'
[ Jun 19 2022 03:51:42:1594] | [+] Address at index 120 cleaned | Cleaned Address: Exception Raised: 'NoneType' object has no attribute 'address'
[ Jun 19 2022 03:51:42:8411] | [+] Address at index 121 cleaned | Cleaned Address: Exception Raised: 'NoneType' object has no attribute 'address'
[ Jun 19 2022 03:51:43:4215] | [+] Address at index 122 cleaned | Cleaned Address: Exception Raised: 'NoneType' object has no attribute 'address'
[ Jun 19 2022 03:51:44:2786] | [+] Address at index 123 cleaned | Cleaned Address: Exception Raised: 'NoneType' object has no attribute 'address'
[ Jun 19 2022 03:51:44:9297] | [+] Address at index 124 cleaned | Cleaned Address: North Main Street, South Hutchinson, Reno County, Kansas, 67501, United States
[ Jun 19 2022 03:51:45:4768] | [+] Address at index 125 cleaned | Cleaned Address: 101, South Sheridan Street, Minneapolis, Ottawa County, Kansas, 67467, United States
[ Jun 19 2022 03:51:45:9930] | [+] Address at index 126 cleaned | Cleaned Address: 1321, Military Avenue, Baxter Springs, Cherokee County, Kansas, 66713, United States
[ Jun 19 2022 03:51:46:5689] | [+] Address at index 127 cleaned | Cleaned Address: North Field Road, Solomon, Saline County, Kansas, 67480, United States
[ Jun 19 2022 03:51:47:0726] | [+] Address at index 128 cleaned | Cleaned Address: Exception Raised: 'NoneType' object has no attribute 'address'
[ Jun 19 2022 03:51:47:6135] | [+] Address at index 129 cleaned | Cleaned Address: Exception Raised: 'NoneType' object has no attribute 'address'
[ Jun 19 2022 03:51:48:1452] | [+] Address at index 130 cleaned | Cleaned Address: 1620, Hubbard Street, Great Bend, Barton County, Kansas, 67530, United States
[ Jun 19 2022 03:51:48:6534] | [+] Address at index 131 cleaned | Cleaned Address: Exception Raised: 'NoneType' object has no attribute 'address'
[ Jun 19 2022 03:51:49:1797] | [+] Address at index 132 cleaned | Cleaned Address: Exception Raised: 'NoneType' object has no attribute 'address'
[ Jun 19 2022 03:51:49:8224] | [+] Address at index 133 cleaned | Cleaned Address: Exception Raised: 'NoneType' object has no attribute 'address'
[ Jun 19 2022 03:51:50:4850] | [+] Address at index 134 cleaned | Cleaned Address: 88148, Riverview Avenue, Mapleton, Lane County, Oregon, 97453, United States
[ Jun 19 2022 03:51:51:0145] | [+] Address at index 135 cleaned | Cleaned Address: 29101, Southeast Eagle Creek Road, Estacada, Clackamas County, Oregon, 97023, United States
[ Jun 19 2022 03:51:51:5321] | [+] Address at index 136 cleaned | Cleaned Address: Exception Raised: 'NoneType' object has no attribute 'address'
[ Jun 19 2022 03:51:52:0446] | [+] Address at index 137 cleaned | Cleaned Address: Exception Raised: 'NoneType' object has no attribute 'address'
[ Jun 19 2022 03:51:52:5700] | [+] Address at index 138 cleaned | Cleaned Address: Exception Raised: 'NoneType' object has no attribute 'address'
[ Jun 19 2022 03:51:53:1000] | [+] Address at index 139 cleaned | Cleaned Address: Exception Raised: 'NoneType' object has no attribute 'address'
[ Jun 19 2022 03:51:53:6455] | [+] Address at index 140 cleaned | Cleaned Address: Exception Raised: 'NoneType' object has no attribute 'address'
[ Jun 19 2022 03:51:54:1771] | [+] Address at index 141 cleaned | Cleaned Address: Exception Raised: 'NoneType' object has no attribute 'address'
[ Jun 19 2022 03:51:54:7229] | [+] Address at index 142 cleaned | Cleaned Address: Exception Raised: 'NoneType' object has no attribute 'address'
[ Jun 19 2022 03:51:55:2475] | [+] Address at index 143 cleaned | Cleaned Address: Exception Raised: 'NoneType' object has no attribute 'address'
[ Jun 19 2022 03:51:56:0428] | [+] Address at index 144 cleaned | Cleaned Address: 297, South Broadway Street, Estacada, Clackamas County, Oregon, 97023, United States
[ Jun 19 2022 03:51:57:1778] | [+] Address at index 145 cleaned | Cleaned Address: Exception Raised: 'NoneType' object has no attribute 'address'
[ Jun 19 2022 03:51:57:9686] | [+] Address at index 146 cleaned | Cleaned Address: Exception Raised: 'NoneType' object has no attribute 'address'
[ Jun 19 2022 03:51:58:6693] | [+] Address at index 147 cleaned | Cleaned Address: 170, Main Street, Scottsburg, Douglas County, Oregon, 97473, United States
[ Jun 19 2022 03:51:59:1766] | [+] Address at index 148 cleaned | Cleaned Address: Exception Raised: 'NoneType' object has no attribute 'address'
[ Jun 19 2022 03:51:59:7840] | [+] Address at index 149 cleaned | Cleaned Address: Pleasant Valley Road, Burlington, Boone County, Kentucky, 41005, United States
[ Jun 19 2022 03:52:00:4874] | [+] Address at index 150 cleaned | Cleaned Address: 1025, North Buckman Street, Shepherdsville, Bullitt County, Kentucky, 40165, United States
[ Jun 19 2022 03:52:01:0523] | [+] Address at index 151 cleaned | Cleaned Address: Exception Raised: 'NoneType' object has no attribute 'address'
[ Jun 19 2022 03:52:01:5928] | [+] Address at index 152 cleaned | Cleaned Address: 1857, Midland Trail, Shelbyville, Shelby County, Kentucky, 40065, United States
[ Jun 19 2022 03:52:02:0955] | [+] Address at index 153 cleaned | Cleaned Address: Exception Raised: 'NoneType' object has no attribute 'address'
[ Jun 19 2022 03:52:02:6275] | [+] Address at index 154 cleaned | Cleaned Address: Exception Raised: 'NoneType' object has no attribute 'address'
[ Jun 19 2022 03:52:03:2229] | [+] Address at index 155 cleaned | Cleaned Address: Exception Raised: 'NoneType' object has no attribute 'address'
[ Jun 19 2022 03:52:03:8220] | [+] Address at index 156 cleaned | Cleaned Address: 2511, Dixie Highway, South Fort Mitchell, Fort Mitchell, Kenton County, Kentucky, 41017, United States
[ Jun 19 2022 03:52:04:3177] | [+] Address at index 157 cleaned | Cleaned Address: Exception Raised: 'NoneType' object has no attribute 'address'
[ Jun 19 2022 03:52:04:8670] | [+] Address at index 158 cleaned | Cleaned Address: 83, East Hickory, Fair Grove, Greene County, Missouri, 65648, United States
[ Jun 19 2022 03:52:05:3724] | [+] Address at index 159 cleaned | Cleaned Address: Exception Raised: 'NoneType' object has no attribute 'address'
[ Jun 19 2022 03:52:05:9280] | [+] Address at index 160 cleaned | Cleaned Address: 602, South 15th Street, Bethany, Harrison County, Missouri, 64424, United States
[ Jun 19 2022 03:52:06:7375] | [+] Address at index 161 cleaned | Cleaned Address: South Main Street, Licking, Texas County, Missouri, 65542, United States
[ Jun 19 2022 03:52:07:2608] | [+] Address at index 162 cleaned | Cleaned Address: 208, South Street, Excelsior Springs, Clay County, Missouri, 64024, United States
[ Jun 19 2022 03:52:07:8052] | [+] Address at index 163 cleaned | Cleaned Address: 9350, Natural Bridge Road, Berkeley, Saint Louis County, Missouri, 63134, United States
[ Jun 19 2022 03:52:08:3530] | [+] Address at index 164 cleaned | Cleaned Address: 907, North Main Street, Auburn, DeKalb County, Indiana, 46706, United States
[ Jun 19 2022 03:52:08:9454] | [+] Address at index 165 cleaned | Cleaned Address: 7716, County Road 72; North County Line Road East, Auburn, Allen County, Indiana, 46706, United States
[ Jun 19 2022 03:52:09:5468] | [+] Address at index 166 cleaned | Cleaned Address: Exception Raised: 'NoneType' object has no attribute 'address'
[ Jun 19 2022 03:52:10:0742] | [+] Address at index 167 cleaned | Cleaned Address: 412, South John Street, Angola, Steuben County, Indiana, 46703, United States
[ Jun 19 2022 03:52:10:9643] | [+] Address at index 168 cleaned | Cleaned Address: Exception Raised: 'NoneType' object has no attribute 'address'
[ Jun 19 2022 03:52:11:4677] | [+] Address at index 169 cleaned | Cleaned Address: Exception Raised: 'NoneType' object has no attribute 'address'
[ Jun 19 2022 03:52:12:0113] | [+] Address at index 170 cleaned | Cleaned Address: Exception Raised: 'NoneType' object has no attribute 'address'
[ Jun 19 2022 03:52:12:5405] | [+] Address at index 171 cleaned | Cleaned Address: Exception Raised: 'NoneType' object has no attribute 'address'
[ Jun 19 2022 03:52:13:0623] | [+] Address at index 172 cleaned | Cleaned Address: Exception Raised: 'NoneType' object has no attribute 'address'
[ Jun 19 2022 03:52:13:5940] | [+] Address at index 173 cleaned | Cleaned Address: Exception Raised: 'NoneType' object has no attribute 'address'
[ Jun 19 2022 03:52:14:1426] | [+] Address at index 174 cleaned | Cleaned Address: 45, South Summer Street, Edgartown, Dukes County, Massachusetts, 02539, United States
[ Jun 19 2022 03:52:14:6746] | [+] Address at index 175 cleaned | Cleaned Address: 225, Purchase Street, Easton Center, Easton, Bristol County, Massachusetts, 02375, United States
[ Jun 19 2022 03:52:15:1909] | [+] Address at index 176 cleaned | Cleaned Address: 6, Meadowhill Court, Algers Corner, Easton, Bristol County, Massachusetts, 02375, United States
[ Jun 19 2022 03:52:15:7414] | [+] Address at index 177 cleaned | Cleaned Address: 143, Lincoln Street, North Easton, Easton, Bristol County, Massachusetts, 02356, United States
[ Jun 19 2022 03:52:16:2815] | [+] Address at index 178 cleaned | Cleaned Address: 375, Foundry Street, Pratts Corner, Easton, Bristol County, Massachusetts, 02356, United States
[ Jun 19 2022 03:52:16:7934] | [+] Address at index 179 cleaned | Cleaned Address: Exception Raised: 'NoneType' object has no attribute 'address'
[ Jun 19 2022 03:52:17:3203] | [+] Address at index 180 cleaned | Cleaned Address: Exception Raised: 'NoneType' object has no attribute 'address'
[ Jun 19 2022 03:52:17:8578] | [+] Address at index 181 cleaned | Cleaned Address: Exception Raised: 'NoneType' object has no attribute 'address'
[ Jun 19 2022 03:52:18:3847] | [+] Address at index 182 cleaned | Cleaned Address: Exception Raised: 'NoneType' object has no attribute 'address'
[ Jun 19 2022 03:52:18:9101] | [+] Address at index 183 cleaned | Cleaned Address: Exception Raised: 'NoneType' object has no attribute 'address'
[ Jun 19 2022 03:52:19:4680] | [+] Address at index 184 cleaned | Cleaned Address: 295, Crawford Road, Derby, Orleans County, Vermont, 05855, United States
[ Jun 19 2022 03:52:20:0107] | [+] Address at index 185 cleaned | Cleaned Address: Mount Ascutney Hospital, 289, County Road, Windsor, Windsor County, Vermont, 05089, United States
[ Jun 19 2022 03:52:20:5189] | [+] Address at index 186 cleaned | Cleaned Address: Exception Raised: 'NoneType' object has no attribute 'address'
[ Jun 19 2022 03:52:21:1247] | [+] Address at index 187 cleaned | Cleaned Address: 4002, Main Street, Manchester Village Historic District, Manchester, Bennington County, Vermont, 05255, United States
[ Jun 19 2022 03:52:21:6285] | [+] Address at index 188 cleaned | Cleaned Address: Exception Raised: 'NoneType' object has no attribute 'address'
[ Jun 19 2022 03:52:22:1672] | [+] Address at index 189 cleaned | Cleaned Address: Exception Raised: 'NoneType' object has no attribute 'address'
[ Jun 19 2022 03:52:22:6901] | [+] Address at index 190 cleaned | Cleaned Address: Exception Raised: 'NoneType' object has no attribute 'address'
[ Jun 19 2022 03:52:23:2139] | [+] Address at index 191 cleaned | Cleaned Address: Exception Raised: 'NoneType' object has no attribute 'address'
[ Jun 19 2022 03:52:23:7641] | [+] Address at index 192 cleaned | Cleaned Address: 5171, Shelburne Road, Shelburne, Chittenden County, Vermont, 05482, United States
[ Jun 19 2022 03:52:24:2736] | [+] Address at index 193 cleaned | Cleaned Address: Exception Raised: 'NoneType' object has no attribute 'address'
[ Jun 19 2022 03:52:24:7965] | [+] Address at index 194 cleaned | Cleaned Address: Exception Raised: 'NoneType' object has no attribute 'address'
[ Jun 19 2022 03:52:25:3294] | [+] Address at index 195 cleaned | Cleaned Address: Exception Raised: 'NoneType' object has no attribute 'address'
[ Jun 19 2022 03:52:25:8630] | [+] Address at index 196 cleaned | Cleaned Address: Exception Raised: 'NoneType' object has no attribute 'address'
[ Jun 19 2022 03:52:26:4116] | [+] Address at index 197 cleaned | Cleaned Address: 50, Merchants Row, Rutland City, Rutland County, Vermont, 05701, United States
[ Jun 19 2022 03:52:26:9468] | [+] Address at index 198 cleaned | Cleaned Address: Exception Raised: 'NoneType' object has no attribute 'address'
[ Jun 19 2022 03:52:27:5058] | [+] Address at index 199 cleaned | Cleaned Address: 264, North Main Street, Rutherfordton, Rutherford County, North Carolina, 28139, United States
[ Jun 19 2022 03:52:28:0143] | [+] Address at index 200 cleaned | Cleaned Address: Exception Raised: 'NoneType' object has no attribute 'address'
[ Jun 19 2022 03:52:28:7186] | [+] Address at index 201 cleaned | Cleaned Address: Exception Raised: 'NoneType' object has no attribute 'address'
[ Jun 19 2022 03:52:29:2522] | [+] Address at index 202 cleaned | Cleaned Address: 209, South Government Street, Lincolnton, Lincoln County, North Carolina, 28092, United States
[ Jun 19 2022 03:52:29:8869] | [+] Address at index 203 cleaned | Cleaned Address: Exception Raised: 'NoneType' object has no attribute 'address'
[ Jun 19 2022 03:52:30:3862] | [+] Address at index 204 cleaned | Cleaned Address: Exception Raised: 'NoneType' object has no attribute 'address'
[ Jun 19 2022 03:52:30:9359] | [+] Address at index 205 cleaned | Cleaned Address: 225, Virginia Road, Edenton, Chowan County, North Carolina, 27932, United States
[ Jun 19 2022 03:52:31:4456] | [+] Address at index 206 cleaned | Cleaned Address: Exception Raised: 'NoneType' object has no attribute 'address'
[ Jun 19 2022 03:52:31:9730] | [+] Address at index 207 cleaned | Cleaned Address: Exception Raised: 'NoneType' object has no attribute 'address'
[ Jun 19 2022 03:52:32:5335] | [+] Address at index 208 cleaned | Cleaned Address: Immanuel Presbyterian Church, 2311, Pembroke Street, Anchorage, Alaska, 99504, Anchorage
[ Jun 19 2022 03:52:33:0397] | [+] Address at index 209 cleaned | Cleaned Address: Exception Raised: 'NoneType' object has no attribute 'address'
[ Jun 19 2022 03:52:33:5910] | [+] Address at index 210 cleaned | Cleaned Address: 2222, East Tudor Road, Anchorage, Alaska, 99507, Anchorage
[ Jun 19 2022 03:52:34:1246] | [+] Address at index 211 cleaned | Cleaned Address: Anchorage Unitarian Universalist Fellowship, 2824, East 18th Avenue, Airport Heights, Anchorage, Alaska, 99508, Anchorage
[ Jun 19 2022 03:52:34:6538] | [+] Address at index 212 cleaned | Cleaned Address: 3900, Wisconsin Street, Anchorage, Alaska, 99517, Anchorage
[ Jun 19 2022 03:52:35:1830] | [+] Address at index 213 cleaned | Cleaned Address: 3103, Spenard Road, Romig Park, Anchorage, Alaska, 99503, Anchorage
[ Jun 19 2022 03:52:35:7299] | [+] Address at index 214 cleaned | Cleaned Address: 5211, South Occidental Highway, Raisin Township, Lenawee County, Michigan, 49286, United States
[ Jun 19 2022 03:52:36:2336] | [+] Address at index 215 cleaned | Cleaned Address: Exception Raised: 'NoneType' object has no attribute 'address'
[ Jun 19 2022 03:52:36:7557] | [+] Address at index 216 cleaned | Cleaned Address: Exception Raised: 'NoneType' object has no attribute 'address'
[ Jun 19 2022 03:52:37:2789] | [+] Address at index 217 cleaned | Cleaned Address: Exception Raised: 'NoneType' object has no attribute 'address'
[ Jun 19 2022 03:52:37:8018] | [+] Address at index 218 cleaned | Cleaned Address: Exception Raised: 'NoneType' object has no attribute 'address'
[ Jun 19 2022 03:52:38:3327] | [+] Address at index 219 cleaned | Cleaned Address: Exception Raised: 'NoneType' object has no attribute 'address'
[ Jun 19 2022 03:52:38:9395] | [+] Address at index 220 cleaned | Cleaned Address: Exception Raised: 'NoneType' object has no attribute 'address'
[ Jun 19 2022 03:52:39:4646] | [+] Address at index 221 cleaned | Cleaned Address: Exception Raised: 'NoneType' object has no attribute 'address'
[ Jun 19 2022 03:52:40:0386] | [+] Address at index 222 cleaned | Cleaned Address: Exception Raised: 'NoneType' object has no attribute 'address'
[ Jun 19 2022 03:52:40:5891] | [+] Address at index 223 cleaned | Cleaned Address: 2941, Sam Nelson Road, Canton, Cherokee County, Georgia, 30114, United States
[ Jun 19 2022 03:52:41:1479] | [+] Address at index 224 cleaned | Cleaned Address: 1558, Marietta Highway, Canton, Cherokee County, Georgia, 30114, United States
[ Jun 19 2022 03:52:45:1026] | [+] Address at index 225 cleaned | Cleaned Address: Exception Raised: HTTPSConnectionPool(host='nominatim.openstreetmap.org', port=443): Max retries exceeded with url: /search?q=110+Evergreen+Road+Georgia%2C+Canton%2C+30114&format=json&limit=1 (Caused by ReadTimeoutError("HTTPSConnectionPool(host='nominatim.openstreetmap.org', port=443): Read timed out. (read timeout=1)"))
[ Jun 19 2022 03:52:45:6161] | [+] Address at index 226 cleaned | Cleaned Address: Exception Raised: 'NoneType' object has no attribute 'address'
[ Jun 19 2022 03:52:46:1352] | [+] Address at index 227 cleaned | Cleaned Address: Exception Raised: 'NoneType' object has no attribute 'address'
[ Jun 19 2022 03:52:46:8147] | [+] Address at index 228 cleaned | Cleaned Address: Exception Raised: 'NoneType' object has no attribute 'address'
[ Jun 19 2022 03:52:47:3983] | [+] Address at index 229 cleaned | Cleaned Address: 5757, Starr Avenue Extension, Park Place, Oregon, Lucas County, Ohio, 43616, United States
[ Jun 19 2022 03:52:47:9320] | [+] Address at index 230 cleaned | Cleaned Address: 5330, Seaman Road, Momenee Addition, Oregon, Lucas County, Ohio, 43616, United States
[ Jun 19 2022 03:52:48:4334] | [+] Address at index 231 cleaned | Cleaned Address: Exception Raised: 'NoneType' object has no attribute 'address'
[ Jun 19 2022 03:52:49:0266] | [+] Address at index 232 cleaned | Cleaned Address: 5650, Starr Avenue Extension, Park Place, Oregon, Lucas County, Ohio, 43616, United States
[ Jun 19 2022 03:52:49:5464] | [+] Address at index 233 cleaned | Cleaned Address: Exception Raised: 'NoneType' object has no attribute 'address'
[ Jun 19 2022 03:52:50:0693] | [+] Address at index 234 cleaned | Cleaned Address: Exception Raised: 'NoneType' object has no attribute 'address'
[ Jun 19 2022 03:52:50:6214] | [+] Address at index 235 cleaned | Cleaned Address: 4155, Pickle Road, Delta Addition, Oregon, Lucas County, Ohio, 43616, United States
[ Jun 19 2022 03:52:51:2009] | [+] Address at index 236 cleaned | Cleaned Address: Exception Raised: 'NoneType' object has no attribute 'address'
[ Jun 19 2022 03:52:51:9318] | [+] Address at index 237 cleaned | Cleaned Address: 2801, Bay Park Drive, Oregon, Lucas County, Ohio, 43616, United States
[ Jun 19 2022 03:52:52:4512] | [+] Address at index 238 cleaned | Cleaned Address: Exception Raised: 'NoneType' object has no attribute 'address'
[ Jun 19 2022 03:52:52:9785] | [+] Address at index 239 cleaned | Cleaned Address: Exception Raised: 'NoneType' object has no attribute 'address'
[ Jun 19 2022 03:52:53:5090] | [+] Address at index 240 cleaned | Cleaned Address: Exception Raised: 'NoneType' object has no attribute 'address'
[ Jun 19 2022 03:52:54:0400] | [+] Address at index 241 cleaned | Cleaned Address: Exception Raised: 'NoneType' object has no attribute 'address'
[ Jun 19 2022 03:52:54:5815] | [+] Address at index 242 cleaned | Cleaned Address: Exception Raised: 'NoneType' object has no attribute 'address'
[ Jun 19 2022 03:52:55:2921] | [+] Address at index 243 cleaned | Cleaned Address: 236, Pine Point Road, Blue Point, Scarborough, Cumberland County, Maine, 04074, United States
[ Jun 19 2022 03:52:55:9311] | [+] Address at index 244 cleaned | Cleaned Address: 2, Church Street, Dunstan Corner, Scarborough, Cumberland County, Maine, 04074, United States
[ Jun 19 2022 03:52:56:4636] | [+] Address at index 245 cleaned | Cleaned Address: 100, Campus Drive, Scarborough, Cumberland County, Maine, 04074, United States
[ Jun 19 2022 03:52:57:5233] | [+] Address at index 246 cleaned | Cleaned Address: Exception Raised: 'NoneType' object has no attribute 'address'
[ Jun 19 2022 03:52:58:0283] | [+] Address at index 247 cleaned | Cleaned Address: Exception Raised: 'NoneType' object has no attribute 'address'
[ Jun 19 2022 03:52:58:5675] | [+] Address at index 248 cleaned | Cleaned Address: Kingfield Fire Department, 38, School Street, Kingfield, Franklin County, Maine, 04947, United States
[ Jun 19 2022 03:52:59:0750] | [+] Address at index 249 cleaned | Cleaned Address: Exception Raised: 'NoneType' object has no attribute 'address'
[ Jun 19 2022 03:52:59:6504] | [+] Address at index 250 cleaned | Cleaned Address: 173, Meadow Street, Sanbornville, Wakefield, Carroll County, New Hampshire, 03872, United States
[ Jun 19 2022 03:53:00:1486] | [+] Address at index 251 cleaned | Cleaned Address: Exception Raised: 'NoneType' object has no attribute 'address'
[ Jun 19 2022 03:53:00:7187] | [+] Address at index 252 cleaned | Cleaned Address: 283, Main Street, Tilton, Belknap County, New Hampshire, 03276, United States
[ Jun 19 2022 03:53:01:2312] | [+] Address at index 253 cleaned | Cleaned Address: Exception Raised: 'NoneType' object has no attribute 'address'
[ Jun 19 2022 03:53:01:7582] | [+] Address at index 254 cleaned | Cleaned Address: Exception Raised: 'NoneType' object has no attribute 'address'
[ Jun 19 2022 03:53:02:3121] | [+] Address at index 255 cleaned | Cleaned Address: Episcopal Church of the Transfiguration, 1, Hood Road, Derry Village, Derry, Rockingham County, New Hampshire, 03038, United States
[ Jun 19 2022 03:53:02:8194] | [+] Address at index 256 cleaned | Cleaned Address: Exception Raised: 'NoneType' object has no attribute 'address'
[ Jun 19 2022 03:53:03:3966] | [+] Address at index 257 cleaned | Cleaned Address: Marion Gerrish Community Center, 39, West Broadway, Derry Village, Derry, Rockingham County, New Hampshire, 03038, United States
[ Jun 19 2022 03:53:03:9002] | [+] Address at index 258 cleaned | Cleaned Address: Exception Raised: 'NoneType' object has no attribute 'address'
[ Jun 19 2022 03:53:04:4626] | [+] Address at index 259 cleaned | Cleaned Address: 2062, South King Street, Moiliili, McCully, Honolulu, Honolulu County, Hawaii, 96826, United States
[ Jun 19 2022 03:53:04:9922] | [+] Address at index 260 cleaned | Cleaned Address: Queen Emma Square, Downtown, Hawaii Capital Historic District, Honolulu, Honolulu County, Hawaii, 96813, United States
[ Jun 19 2022 03:53:05:5231] | [+] Address at index 261 cleaned | Cleaned Address: 2709, Kalākaua Avenue, Waikiki, Honolulu, Honolulu County, Hawaii, 96815, United States
[ Jun 19 2022 03:53:06:0422] | [+] Address at index 262 cleaned | Cleaned Address: 5829, Mahimahi Street, Niu Valley, Niu and Niuiki Circle, Hawaii Loa Ridge, Honolulu, Honolulu County, Hawaii, 96821, United States
[ Jun 19 2022 03:53:06:5735] | [+] Address at index 263 cleaned | Cleaned Address: 3608, Diamond Head Circle, Kapahulu, Honolulu, Honolulu County, Hawaii, 96815, United States
[ Jun 19 2022 03:53:07:1729] | [+] Address at index 264 cleaned | Cleaned Address: Exception Raised: 'NoneType' object has no attribute 'address'
[ Jun 19 2022 03:53:07:6972] | [+] Address at index 265 cleaned | Cleaned Address: 111, Hickory Hills Drive, Midland Heights, Helena-West Helena, Phillips County, Arkansas, 72342, United States
[ Jun 19 2022 03:53:08:2722] | [+] Address at index 266 cleaned | Cleaned Address: 312, West North Street, Mountain Home, Baxter County, Arkansas, 72653, United States
[ Jun 19 2022 03:53:08:7859] | [+] Address at index 267 cleaned | Cleaned Address: Exception Raised: 'NoneType' object has no attribute 'address'
[ Jun 19 2022 03:53:09:3189] | [+] Address at index 268 cleaned | Cleaned Address: Exception Raised: 'NoneType' object has no attribute 'address'
[ Jun 19 2022 03:53:09:8423] | [+] Address at index 269 cleaned | Cleaned Address: Exception Raised: 'NoneType' object has no attribute 'address'
[ Jun 19 2022 03:53:10:3817] | [+] Address at index 270 cleaned | Cleaned Address: Country Monks Brewing Taproom, 405, North Subiaco Avenue, Subiaco, Logan County, Arkansas, 72865, United States
[ Jun 19 2022 03:53:10:9213] | [+] Address at index 271 cleaned | Cleaned Address: Exception Raised: 'NoneType' object has no attribute 'address'
[ Jun 19 2022 03:53:11:5220] | [+] Address at index 272 cleaned | Cleaned Address: Exception Raised: 'NoneType' object has no attribute 'address'
[ Jun 19 2022 03:53:12:5397] | [+] Address at index 273 cleaned | Cleaned Address: 805, Monroe Avenue Northeast, Camden, Ouachita County, Arkansas, 71701, United States
[ Jun 19 2022 03:53:13:0435] | [+] Address at index 274 cleaned | Cleaned Address: Exception Raised: 'NoneType' object has no attribute 'address'
[ Jun 19 2022 03:53:13:5828] | [+] Address at index 275 cleaned | Cleaned Address: Exception Raised: 'NoneType' object has no attribute 'address'
[ Jun 19 2022 03:53:14:1408] | [+] Address at index 276 cleaned | Cleaned Address: Te-Moak Wells Tribal Library, 1707, Mountain View Drive, Wells, Elko County, Nevada, 89835, United States
[ Jun 19 2022 03:53:14:6442] | [+] Address at index 277 cleaned | Cleaned Address: Exception Raised: 'NoneType' object has no attribute 'address'
[ Jun 19 2022 03:53:15:1818] | [+] Address at index 278 cleaned | Cleaned Address: Exception Raised: 'NoneType' object has no attribute 'address'
[ Jun 19 2022 03:53:15:6973] | [+] Address at index 279 cleaned | Cleaned Address: Exception Raised: 'NoneType' object has no attribute 'address'
[ Jun 19 2022 03:53:16:2498] | [+] Address at index 280 cleaned | Cleaned Address: 51, East 1st North Street, Mesquite, Clark County, Nevada, 89027, United States
[ Jun 19 2022 03:53:17:1186] | [+] Address at index 281 cleaned | Cleaned Address: 735, Avenue N North, East Ely, Ely, White Pine County, Nevada, 89301, United States
[ Jun 19 2022 03:53:17:7346] | [+] Address at index 282 cleaned | Cleaned Address: Exception Raised: 'NoneType' object has no attribute 'address'
[ Jun 19 2022 03:53:18:5210] | [+] Address at index 283 cleaned | Cleaned Address: Exception Raised: 'NoneType' object has no attribute 'address'
[ Jun 19 2022 03:53:19:0488] | [+] Address at index 284 cleaned | Cleaned Address: 425, 8th Street, Etowah, McMinn County, Tennessee, 37331, United States
[ Jun 19 2022 03:53:19:5695] | [+] Address at index 285 cleaned | Cleaned Address: Exception Raised: 'NoneType' object has no attribute 'address'
[ Jun 19 2022 03:53:20:0917] | [+] Address at index 286 cleaned | Cleaned Address: Exception Raised: 'NoneType' object has no attribute 'address'
[ Jun 19 2022 03:53:20:6346] | [+] Address at index 287 cleaned | Cleaned Address: Exception Raised: 'NoneType' object has no attribute 'address'
[ Jun 19 2022 03:53:21:1572] | [+] Address at index 288 cleaned | Cleaned Address: Exception Raised: 'NoneType' object has no attribute 'address'
[ Jun 19 2022 03:53:21:7242] | [+] Address at index 289 cleaned | Cleaned Address: 1416, Great River Road, Lansing, Allamakee County, Iowa, 52151, United States
[ Jun 19 2022 03:53:22:3563] | [+] Address at index 290 cleaned | Cleaned Address: 1620, Pleasant Street, Sherman Hill, Des Moines, Polk County, Iowa, 50314, United States
[ Jun 19 2022 03:53:22:8578] | [+] Address at index 291 cleaned | Cleaned Address: Exception Raised: 'NoneType' object has no attribute 'address'
[ Jun 19 2022 03:53:23:4396] | [+] Address at index 292 cleaned | Cleaned Address: 11, West 2nd Street, Riverside, Washington County, Iowa, 52327, United States
[ Jun 19 2022 03:53:23:9397] | [+] Address at index 293 cleaned | Cleaned Address: Exception Raised: 'NoneType' object has no attribute 'address'
[ Jun 19 2022 03:53:24:4882] | [+] Address at index 294 cleaned | Cleaned Address: 108, South Chestnut Street, Lamoni, Decatur County, Iowa, 50140, United States
[ Jun 19 2022 03:53:24:9924] | [+] Address at index 295 cleaned | Cleaned Address: Exception Raised: 'NoneType' object has no attribute 'address'
[ Jun 19 2022 03:53:25:5454] | [+] Address at index 296 cleaned | Cleaned Address: 123, West Main Street, Riceville, Mitchell County, Iowa, 50466, United States
[ Jun 19 2022 03:53:26:0522] | [+] Address at index 297 cleaned | Cleaned Address: Exception Raised: 'NoneType' object has no attribute 'address'
[ Jun 19 2022 03:53:26:5997] | [+] Address at index 298 cleaned | Cleaned Address: Exception Raised: 'NoneType' object has no attribute 'address'
[ Jun 19 2022 03:53:27:2458] | [+] Address at index 299 cleaned | Cleaned Address: Exception Raised: 'NoneType' object has no attribute 'address'
[ Jun 19 2022 03:53:27:7671] | [+] Address at index 300 cleaned | Cleaned Address: 103, West Tuskeena Street, Wetumpka, Elmore County, Alabama, 36092, United States
[ Jun 19 2022 03:53:28:2991] | [+] Address at index 301 cleaned | Cleaned Address: 326, West 5th Street, Prattville, Autauga County, Alabama, 36067, United States
[ Jun 19 2022 03:53:28:8058] | [+] Address at index 302 cleaned | Cleaned Address: Exception Raised: 'NoneType' object has no attribute 'address'
[ Jun 19 2022 03:53:29:3424] | [+] Address at index 303 cleaned | Cleaned Address: Exception Raised: 'NoneType' object has no attribute 'address'
[ Jun 19 2022 03:53:29:9962] | [+] Address at index 304 cleaned | Cleaned Address: Exception Raised: 'NoneType' object has no attribute 'address'
[ Jun 19 2022 03:53:30:5934] | [+] Address at index 305 cleaned | Cleaned Address: Cahaba Valley Road, Indian Hills, Pelham, Shelby County, Alabama, 35124, United States
[ Jun 19 2022 03:53:31:1112] | [+] Address at index 306 cleaned | Cleaned Address: Exception Raised: 'NoneType' object has no attribute 'address'
[ Jun 19 2022 03:53:31:6782] | [+] Address at index 307 cleaned | Cleaned Address: 829, William Hilton Parkway, Shelter Cove, Palmetto Dunes, Hilton Head Island, Beaufort County, South Carolina, 29928, United States
[ Jun 19 2022 03:53:32:1948] | [+] Address at index 308 cleaned | Cleaned Address: Exception Raised: 'NoneType' object has no attribute 'address'
[ Jun 19 2022 03:53:33:0319] | [+] Address at index 309 cleaned | Cleaned Address: 2121, Grove Street, West Columbia, Lexington County, South Carolina, 29169, United States
[ Jun 19 2022 03:53:33:5354] | [+] Address at index 310 cleaned | Cleaned Address: Exception Raised: 'NoneType' object has no attribute 'address'
[ Jun 19 2022 03:53:34:1640] | [+] Address at index 311 cleaned | Cleaned Address: Platt Springs Road, Brookwood, West Columbia, Lexington County, South Carolina, 29170, United States
[ Jun 19 2022 03:53:35:0091] | [+] Address at index 312 cleaned | Cleaned Address: 1139, B Avenue, Triangle City, West Columbia, Lexington County, South Carolina, 29169, United States
[ Jun 19 2022 03:53:35:5381] | [+] Address at index 313 cleaned | Cleaned Address: Springdale Baptist Church, 357, Wattling Road, Fairhill, West Columbia, Lexington County, South Carolina, 29170, United States
[ Jun 19 2022 03:53:36:3441] | [+] Address at index 314 cleaned | Cleaned Address: 249, South Main Street, Kenton, Kent County, Delaware, 19938, United States
[ Jun 19 2022 03:53:36:8718] | [+] Address at index 315 cleaned | Cleaned Address: 190, Raughley Hill Road, Harrington, Kent County, Delaware, 19952, United States
[ Jun 19 2022 03:53:37:4127] | [+] Address at index 316 cleaned | Cleaned Address: 401, West Street, Clayton, Kent County, Delaware, 19938, United States
[ Jun 19 2022 03:53:38:1351] | [+] Address at index 317 cleaned | Cleaned Address: Exception Raised: 'NoneType' object has no attribute 'address'
[ Jun 19 2022 03:53:38:6539] | [+] Address at index 318 cleaned | Cleaned Address: 22, North Union Street, Smyrna, Kent County, Delaware, 19977, United States
[ Jun 19 2022 03:53:39:1591] | [+] Address at index 319 cleaned | Cleaned Address: Exception Raised: 'NoneType' object has no attribute 'address'
[ Jun 19 2022 03:53:39:7131] | [+] Address at index 320 cleaned | Cleaned Address: 1176, Victory Highway, Coventry, Kent County, Rhode Island, 02827, United States
[ Jun 19 2022 03:53:40:2178] | [+] Address at index 321 cleaned | Cleaned Address: Exception Raised: 'NoneType' object has no attribute 'address'
[ Jun 19 2022 03:53:40:7539] | [+] Address at index 322 cleaned | Cleaned Address: Exception Raised: 'NoneType' object has no attribute 'address'
[ Jun 19 2022 03:53:41:2894] | [+] Address at index 323 cleaned | Cleaned Address: Exception Raised: 'NoneType' object has no attribute 'address'
[ Jun 19 2022 03:53:41:8108] | [+] Address at index 324 cleaned | Cleaned Address: Exception Raised: 'NoneType' object has no attribute 'address'
[ Jun 19 2022 03:53:42:3707] | [+] Address at index 325 cleaned | Cleaned Address: 6, West Street, Jamestown, Newport County, Rhode Island, 02835, United States
[ Jun 19 2022 03:53:42:9181] | [+] Address at index 326 cleaned | Cleaned Address: 4403, Old Post Road, Fort Ninigret, Charlestown, South County, Rhode Island, 02813, United States
[ Jun 19 2022 03:53:43:4544] | [+] Address at index 327 cleaned | Cleaned Address: 514, Main Street, Warren, Bristol County, Rhode Island, 02885, United States
[ Jun 19 2022 03:53:43:9887] | [+] Address at index 328 cleaned | Cleaned Address: 474, Fruit Hill Avenue, Fruit Hill, North Providence, Providence County, Rhode Island, 02911, United States
[ Jun 19 2022 03:53:44:4904] | [+] Address at index 329 cleaned | Cleaned Address: Exception Raised: 'NoneType' object has no attribute 'address'
[ Jun 19 2022 03:53:45:0380] | [+] Address at index 330 cleaned | Cleaned Address: Exception Raised: 'NoneType' object has no attribute 'address'
[ Jun 19 2022 03:53:45:5640] | [+] Address at index 331 cleaned | Cleaned Address: Exception Raised: 'NoneType' object has no attribute 'address'
[ Jun 19 2022 03:53:46:0900] | [+] Address at index 332 cleaned | Cleaned Address: Exception Raised: 'NoneType' object has no attribute 'address'
[ Jun 19 2022 03:53:46:6313] | [+] Address at index 333 cleaned | Cleaned Address: Exception Raised: 'NoneType' object has no attribute 'address'
[ Jun 19 2022 03:53:47:1801] | [+] Address at index 334 cleaned | Cleaned Address: 211, South Main Street, Sheridan Trailer Court, Sheridan, Madison County, Montana, 59749, United States
[ Jun 19 2022 03:53:47:6929] | [+] Address at index 335 cleaned | Cleaned Address: Exception Raised: 'NoneType' object has no attribute 'address'
[ Jun 19 2022 03:53:48:2239] | [+] Address at index 336 cleaned | Cleaned Address: Exception Raised: 'NoneType' object has no attribute 'address'
[ Jun 19 2022 03:53:48:7530] | [+] Address at index 337 cleaned | Cleaned Address: Exception Raised: 'NoneType' object has no attribute 'address'
[ Jun 19 2022 03:53:49:4617] | [+] Address at index 338 cleaned | Cleaned Address: 226, South Atlantic Street, Dillon, Montana, 59725, United States
[ Jun 19 2022 03:53:49:9582] | [+] Address at index 339 cleaned | Cleaned Address: Exception Raised: 'NoneType' object has no attribute 'address'
[ Jun 19 2022 03:53:50:5128] | [+] Address at index 340 cleaned | Cleaned Address: 203, East Glendale Street, Dillon, Montana, 59725, United States
[ Jun 19 2022 03:53:51:0214] | [+] Address at index 341 cleaned | Cleaned Address: Exception Raised: 'NoneType' object has no attribute 'address'
[ Jun 19 2022 03:53:52:0620] | [+] Address at index 342 cleaned | Cleaned Address: Exception Raised: 'NoneType' object has no attribute 'address'
[ Jun 19 2022 03:53:52:9030] | [+] Address at index 343 cleaned | Cleaned Address: 400, Railroad Street, Deer Lodge, Powell County, Montana, 59722, United States
[ Jun 19 2022 03:53:53:4030] | [+] Address at index 344 cleaned | Cleaned Address: Exception Raised: 'NoneType' object has no attribute 'address'
[ Jun 19 2022 03:53:53:9480] | [+] Address at index 345 cleaned | Cleaned Address: Exception Raised: 'NoneType' object has no attribute 'address'
[ Jun 19 2022 03:53:54:5025] | [+] Address at index 346 cleaned | Cleaned Address: Exception Raised: 'NoneType' object has no attribute 'address'
[ Jun 19 2022 03:53:55:1290] | [+] Address at index 347 cleaned | Cleaned Address: Wylie Cox Circle, Portales, Roosevelt County, New Mexico, 88130, United States
[ Jun 19 2022 03:53:56:3877] | [+] Address at index 348 cleaned | Cleaned Address: Exception Raised: 'NoneType' object has no attribute 'address'
[ Jun 19 2022 03:53:56:9086] | [+] Address at index 349 cleaned | Cleaned Address: Exception Raised: 'NoneType' object has no attribute 'address'
[ Jun 19 2022 03:53:57:4362] | [+] Address at index 350 cleaned | Cleaned Address: Exception Raised: 'NoneType' object has no attribute 'address'
[ Jun 19 2022 03:53:57:9968] | [+] Address at index 351 cleaned | Cleaned Address: 474, Mescal Loop, Mescalero, Otero County, New Mexico, 88340, United States
[ Jun 19 2022 03:53:58:6369] | [+] Address at index 352 cleaned | Cleaned Address: Exception Raised: 'NoneType' object has no attribute 'address'
[ Jun 19 2022 03:53:59:1571] | [+] Address at index 353 cleaned | Cleaned Address: Exception Raised: 'NoneType' object has no attribute 'address'
[ Jun 19 2022 03:53:59:7667] | [+] Address at index 354 cleaned | Cleaned Address: Paseo del Pueblo Norte, Taos, Taos County, New Mexico, 87571, United States
[ Jun 19 2022 03:54:00:2733] | [+] Address at index 355 cleaned | Cleaned Address: Exception Raised: 'NoneType' object has no attribute 'address'
[ Jun 19 2022 03:54:00:8022] | [+] Address at index 356 cleaned | Cleaned Address: Exception Raised: 'NoneType' object has no attribute 'address'
[ Jun 19 2022 03:54:01:5163] | [+] Address at index 357 cleaned | Cleaned Address: 216, West Maloney Avenue, Gallup, McKinley County, New Mexico, 87301, United States
[ Jun 19 2022 03:54:02:0673] | [+] Address at index 358 cleaned | Cleaned Address: 218, Railroad Street, Silver Lake, Shawnee County, Kansas, 66539, United States
[ Jun 19 2022 03:54:02:6189] | [+] Address at index 359 cleaned | Cleaned Address: Harvest Ridge Covenant Church, 22015, Midland Drive, Monticello Farms, Shawnee, Johnson County, Kansas, 66226, United States
[ Jun 19 2022 03:54:03:1739] | [+] Address at index 360 cleaned | Cleaned Address: Exception Raised: 'NoneType' object has no attribute 'address'
[ Jun 19 2022 03:54:03:7079] | [+] Address at index 361 cleaned | Cleaned Address: 113, North Ash Street, McPherson, McPherson County, Kansas, 67460, United States
[ Jun 19 2022 03:54:04:2367] | [+] Address at index 362 cleaned | Cleaned Address: 122, North Main Street, Goddard, Sedgwick County, Kansas, 67052, United States
[ Jun 19 2022 03:54:04:7527] | [+] Address at index 363 cleaned | Cleaned Address: 401, South Severy Avenue, Severy, Greenwood County, Kansas, 67137, United States
[ Jun 19 2022 03:54:05:2816] | [+] Address at index 364 cleaned | Cleaned Address: Exception Raised: 'NoneType' object has no attribute 'address'
[ Jun 19 2022 03:54:05:7957] | [+] Address at index 365 cleaned | Cleaned Address: Exception Raised: 'NoneType' object has no attribute 'address'
[ Jun 19 2022 03:54:06:3733] | [+] Address at index 366 cleaned | Cleaned Address: 241, Southeast 7th Street, Madras, Jefferson County, Oregon, 97741, United States
[ Jun 19 2022 03:54:06:8777] | [+] Address at index 367 cleaned | Cleaned Address: Exception Raised: 'NoneType' object has no attribute 'address'
[ Jun 19 2022 03:54:07:4092] | [+] Address at index 368 cleaned | Cleaned Address: Exception Raised: 'NoneType' object has no attribute 'address'
[ Jun 19 2022 03:54:07:9700] | [+] Address at index 369 cleaned | Cleaned Address: Thriftique Resale, 5990, Southwest 185th Avenue, Aloha Lang Center, Beaverton, Washington County, Oregon, 97007, United States
[ Jun 19 2022 03:54:08:4756] | [+] Address at index 370 cleaned | Cleaned Address: Exception Raised: 'NoneType' object has no attribute 'address'
[ Jun 19 2022 03:54:09:0284] | [+] Address at index 371 cleaned | Cleaned Address: 18865, Southwest Johnson Street, Willow Springs, Aloha, Washington County, Oregon, 97003, United States
[ Jun 19 2022 03:54:09:5851] | [+] Address at index 372 cleaned | Cleaned Address: Aloha United Methodist Church, 2270, Southwest 198th Avenue, Aloha, Washington County, Oregon, 97003, United States
[ Jun 19 2022 03:54:10:1117] | [+] Address at index 373 cleaned | Cleaned Address: Tualatin Valley Community Church, 511, Southwest 211th Avenue, Sutherland Meadows, Washington County, Oregon, 97006, United States
[ Jun 19 2022 03:54:10:6342] | [+] Address at index 374 cleaned | Cleaned Address: Exception Raised: 'NoneType' object has no attribute 'address'
[ Jun 19 2022 03:54:11:1486] | [+] Address at index 375 cleaned | Cleaned Address: Exception Raised: 'NoneType' object has no attribute 'address'
[ Jun 19 2022 03:54:11:7043] | [+] Address at index 376 cleaned | Cleaned Address: Exception Raised: 'NoneType' object has no attribute 'address'
[ Jun 19 2022 03:54:12:2260] | [+] Address at index 377 cleaned | Cleaned Address: Exception Raised: 'NoneType' object has no attribute 'address'
[ Jun 19 2022 03:54:12:7540] | [+] Address at index 378 cleaned | Cleaned Address: Exception Raised: 'NoneType' object has no attribute 'address'
[ Jun 19 2022 03:54:13:3032] | [+] Address at index 379 cleaned | Cleaned Address: 50, Luda Street, Russell Springs, Russell County, Kentucky, 42642, United States
[ Jun 19 2022 03:54:13:9132] | [+] Address at index 380 cleaned | Cleaned Address: Exception Raised: 'NoneType' object has no attribute 'address'
[ Jun 19 2022 03:54:14:9483] | [+] Address at index 381 cleaned | Cleaned Address: Exception Raised: 'NoneType' object has no attribute 'address'
[ Jun 19 2022 03:54:15:4695] | [+] Address at index 382 cleaned | Cleaned Address: Exception Raised: 'NoneType' object has no attribute 'address'
[ Jun 19 2022 03:54:16:0183] | [+] Address at index 383 cleaned | Cleaned Address: Second Presbyterian Church, 3701, Old Brownsboro Road, Rolling Fields, Jefferson County, Kentucky, 40207, United States
[ Jun 19 2022 03:54:16:5642] | [+] Address at index 384 cleaned | Cleaned Address: Four Little Pigs BBQ restaurant, 198, West 5th Street, Benton, Marshall County, Kentucky, 42025, United States
[ Jun 19 2022 03:54:17:0774] | [+] Address at index 385 cleaned | Cleaned Address: Exception Raised: 'NoneType' object has no attribute 'address'
[ Jun 19 2022 03:54:17:6134] | [+] Address at index 386 cleaned | Cleaned Address: Exception Raised: 'NoneType' object has no attribute 'address'
[ Jun 19 2022 03:54:18:1453] | [+] Address at index 387 cleaned | Cleaned Address: Exception Raised: 'NoneType' object has no attribute 'address'
[ Jun 19 2022 03:54:18:7253] | [+] Address at index 388 cleaned | Cleaned Address: 1st United Methodist Church;The Growing Place, 401, West Main Street, Richmond downtown, Richmond, Madison County, Kentucky, 40475, United States
[ Jun 19 2022 03:54:19:2315] | [+] Address at index 389 cleaned | Cleaned Address: Exception Raised: 'NoneType' object has no attribute 'address'
[ Jun 19 2022 03:54:23:2288] | [+] Address at index 390 cleaned | Cleaned Address: Exception Raised: HTTPSConnectionPool(host='nominatim.openstreetmap.org', port=443): Max retries exceeded with url: /search?q=12700+West+U.S.+Highway+42+Missouri%2C+Kentucky%2C+40059&format=json&limit=1 (Caused by ReadTimeoutError("HTTPSConnectionPool(host='nominatim.openstreetmap.org', port=443): Read timed out. (read timeout=1)"))
[ Jun 19 2022 03:54:23:7379] | [+] Address at index 391 cleaned | Cleaned Address: Exception Raised: 'NoneType' object has no attribute 'address'
[ Jun 19 2022 03:54:24:3283] | [+] Address at index 392 cleaned | Cleaned Address: 5252, South Lindbergh Boulevard, Sappington, Saint Louis County, Missouri, 63126, United States
[ Jun 19 2022 03:54:24:8374] | [+] Address at index 393 cleaned | Cleaned Address: Exception Raised: 'NoneType' object has no attribute 'address'
[ Jun 19 2022 03:54:25:4077] | [+] Address at index 394 cleaned | Cleaned Address: 12145, Tesson Ferry Road, Concord, Sappington, Saint Louis County, Missouri, 63128, United States
[ Jun 19 2022 03:54:25:9769] | [+] Address at index 395 cleaned | Cleaned Address: 10020, Kennerly Road, Sappington, Saint Louis County, Missouri, 63128, United States
[ Jun 19 2022 03:54:26:5192] | [+] Address at index 396 cleaned | Cleaned Address: Eureka United Methodist Church, 215, North Central Avenue, Eureka, Saint Louis County, Missouri, 63025, United States
[ Jun 19 2022 03:54:27:0435] | [+] Address at index 397 cleaned | Cleaned Address: Exception Raised: 'NoneType' object has no attribute 'address'
[ Jun 19 2022 03:54:27:6145] | [+] Address at index 398 cleaned | Cleaned Address: East 171st Street, Belton, Cass County, Missouri, 64012, United States
[ Jun 19 2022 03:54:28:1202] | [+] Address at index 399 cleaned | Cleaned Address: Exception Raised: 'NoneType' object has no attribute 'address'
[ Jun 19 2022 03:54:28:7114] | [+] Address at index 400 cleaned | Cleaned Address: 412, West Main Street, Madison, Jefferson County, Indiana, 47250, United States
[ Jun 19 2022 03:54:29:2569] | [+] Address at index 401 cleaned | Cleaned Address: 2632, Michigan Road, Industrial Park, Madison, Jefferson County, Indiana, 47250, United States
[ Jun 19 2022 03:54:29:7668] | [+] Address at index 402 cleaned | Cleaned Address: Exception Raised: 'NoneType' object has no attribute 'address'
[ Jun 19 2022 03:54:30:3056] | [+] Address at index 403 cleaned | Cleaned Address: Exception Raised: 'NoneType' object has no attribute 'address'
[ Jun 19 2022 03:54:30:9218] | [+] Address at index 404 cleaned | Cleaned Address: Bus Stop Drive, Madison, Jefferson County, Indiana, 47250, United States
[ Jun 19 2022 03:54:31:4380] | [+] Address at index 405 cleaned | Cleaned Address: Exception Raised: 'NoneType' object has no attribute 'address'
[ Jun 19 2022 03:54:32:0163] | [+] Address at index 406 cleaned | Cleaned Address: 821, South Indiana Avenue, French Lick, Orange County, Indiana, 47432, United States
[ Jun 19 2022 03:54:32:6034] | [+] Address at index 407 cleaned | Cleaned Address: Exception Raised: 'NoneType' object has no attribute 'address'
[ Jun 19 2022 03:54:33:1562] | [+] Address at index 408 cleaned | Cleaned Address: 1458, County Street, Pottersville, Somerset, Bristol County, Massachusetts, 02726, United States
[ Jun 19 2022 03:54:33:6671] | [+] Address at index 409 cleaned | Cleaned Address: Exception Raised: 'NoneType' object has no attribute 'address'
[ Jun 19 2022 03:54:34:2178] | [+] Address at index 410 cleaned | Cleaned Address: 27, Church Street, Mattapoisett, Plymouth County, Massachusetts, 02739, United States
[ Jun 19 2022 03:54:34:7589] | [+] Address at index 411 cleaned | Cleaned Address: 130, Boston Turnpike, Fairlawn, Shrewsbury, Worcester County, Massachusetts, 01545, United States
[ Jun 19 2022 03:54:35:2999] | [+] Address at index 412 cleaned | Cleaned Address: 483, Great Neck Road South, Pine Tree Corner, Mashpee Neck, Mashpee, Barnstable County, Massachusetts, 02649, United States
[ Jun 19 2022 03:54:35:8335] | [+] Address at index 413 cleaned | Cleaned Address: United Methodist Church of Eastham, 3200, State Highway, Eastham, Barnstable County, Massachusetts, 02642, United States
[ Jun 19 2022 03:54:36:3510] | [+] Address at index 414 cleaned | Cleaned Address: Exception Raised: 'NoneType' object has no attribute 'address'
[ Jun 19 2022 03:54:36:8860] | [+] Address at index 415 cleaned | Cleaned Address: Exception Raised: 'NoneType' object has no attribute 'address'
[ Jun 19 2022 03:54:37:4202] | [+] Address at index 416 cleaned | Cleaned Address: Exception Raised: 'NoneType' object has no attribute 'address'
[ Jun 19 2022 03:54:37:9721] | [+] Address at index 417 cleaned | Cleaned Address: Exception Raised: 'NoneType' object has no attribute 'address'
[ Jun 19 2022 03:54:38:5047] | [+] Address at index 418 cleaned | Cleaned Address: Exception Raised: 'NoneType' object has no attribute 'address'
[ Jun 19 2022 03:54:39:0407] | [+] Address at index 419 cleaned | Cleaned Address: Exception Raised: 'NoneType' object has no attribute 'address'
[ Jun 19 2022 03:54:39:5600] | [+] Address at index 420 cleaned | Cleaned Address: Exception Raised: 'NoneType' object has no attribute 'address'
[ Jun 19 2022 03:54:40:0985] | [+] Address at index 421 cleaned | Cleaned Address: Exception Raised: 'NoneType' object has no attribute 'address'
[ Jun 19 2022 03:54:40:6294] | [+] Address at index 422 cleaned | Cleaned Address: Exception Raised: 'NoneType' object has no attribute 'address'
[ Jun 19 2022 03:54:41:1657] | [+] Address at index 423 cleaned | Cleaned Address: Exception Raised: 'NoneType' object has no attribute 'address'
[ Jun 19 2022 03:54:41:7211] | [+] Address at index 424 cleaned | Cleaned Address: 45, North Road, Castleton, Rutland County, Vermont, 05735, United States
[ Jun 19 2022 03:54:42:2806] | [+] Address at index 425 cleaned | Cleaned Address: 16, Church Street, Jeffersonville, Cambridge, Lamoille County, Vermont, 05464, United States
[ Jun 19 2022 03:54:43:2217] | [+] Address at index 426 cleaned | Cleaned Address: Saint Johns Street, Johnson, Lamoille County, Vermont, 05656, United States
[ Jun 19 2022 03:54:43:7422] | [+] Address at index 427 cleaned | Cleaned Address: First United Methodist Church, 21, Buell Street, Downtown, Burlington, Chittenden County, Vermont, 05401, United States
[ Jun 19 2022 03:54:44:2595] | [+] Address at index 428 cleaned | Cleaned Address: Exception Raised: 'NoneType' object has no attribute 'address'
[ Jun 19 2022 03:54:44:8387] | [+] Address at index 429 cleaned | Cleaned Address: 102, Prospect Street, Hyde Park, Lamoille County, Vermont, 05655, United States
[ Jun 19 2022 03:54:45:3503] | [+] Address at index 430 cleaned | Cleaned Address: Exception Raised: 'NoneType' object has no attribute 'address'
[ Jun 19 2022 03:54:45:8774] | [+] Address at index 431 cleaned | Cleaned Address: Exception Raised: 'NoneType' object has no attribute 'address'
[ Jun 19 2022 03:54:46:4020] | [+] Address at index 432 cleaned | Cleaned Address: Exception Raised: 'NoneType' object has no attribute 'address'
[ Jun 19 2022 03:54:46:9467] | [+] Address at index 433 cleaned | Cleaned Address: Exception Raised: 'NoneType' object has no attribute 'address'
[ Jun 19 2022 03:54:47:5130] | [+] Address at index 434 cleaned | Cleaned Address: 155, South Hickory Street, Angier, Harnett County, North Carolina, 27501, United States
[ Jun 19 2022 03:54:48:0667] | [+] Address at index 435 cleaned | Cleaned Address: 509, South Van Buren Road, Central Area, Bearslide, Eden, Rockingham County, North Carolina, 27288, United States
[ Jun 19 2022 03:54:48:6118] | [+] Address at index 436 cleaned | Cleaned Address: UNC Rockingham Health Care, 117, East Kings Highway, Central Area, Bearslide, Eden, Rockingham County, North Carolina, 27288, United States
[ Jun 19 2022 03:54:49:4241] | [+] Address at index 437 cleaned | Cleaned Address: Exception Raised: 'NoneType' object has no attribute 'address'
[ Jun 19 2022 03:54:49:9807] | [+] Address at index 438 cleaned | Cleaned Address: Old Durham Road, Somerset, City of Roxboro, Person County, North Carolina, 27573, United States
[ Jun 19 2022 03:54:50:5228] | [+] Address at index 439 cleaned | Cleaned Address: 2300, Oak Drive, Airport Heights, Anchorage, Alaska, 99508, Anchorage
[ Jun 19 2022 03:54:51:0384] | [+] Address at index 440 cleaned | Cleaned Address: 8141, Briarwood Street, Anchorage, Alaska, 99518, Anchorage
[ Jun 19 2022 03:54:51:5927] | [+] Address at index 441 cleaned | Cleaned Address: 10821, Totem Road, Totem LRSA, Anchorage, Alaska, 99516, United States
[ Jun 19 2022 03:54:52:1106] | [+] Address at index 442 cleaned | Cleaned Address: Exception Raised: 'NoneType' object has no attribute 'address'
[ Jun 19 2022 03:54:52:6584] | [+] Address at index 443 cleaned | Cleaned Address: Exception Raised: 'NoneType' object has no attribute 'address'
[ Jun 19 2022 03:54:53:2464] | [+] Address at index 444 cleaned | Cleaned Address: Exception Raised: 'NoneType' object has no attribute 'address'
[ Jun 19 2022 03:54:53:7669] | [+] Address at index 445 cleaned | Cleaned Address: 10830, Elmore Road, Anchorage, Alaska, 99516, Anchorage
[ Jun 19 2022 03:54:54:2805] | [+] Address at index 446 cleaned | Cleaned Address: Exception Raised: 'NoneType' object has no attribute 'address'
[ Jun 19 2022 03:54:54:8140] | [+] Address at index 447 cleaned | Cleaned Address: Exception Raised: 'NoneType' object has no attribute 'address'
[ Jun 19 2022 03:54:55:5302] | [+] Address at index 448 cleaned | Cleaned Address: 2220, Atlanta Road Southeast, Smyrna, Cobb County, Georgia, 30080, United States
[ Jun 19 2022 03:54:56:2388] | [+] Address at index 449 cleaned | Cleaned Address: Exception Raised: 'NoneType' object has no attribute 'address'
[ Jun 19 2022 03:54:56:7395] | [+] Address at index 450 cleaned | Cleaned Address: Exception Raised: 'NoneType' object has no attribute 'address'
[ Jun 19 2022 03:54:57:3094] | [+] Address at index 451 cleaned | Cleaned Address: Rockaway Road, Senoia, Coweta County, Georgia, 30276, United States
[ Jun 19 2022 03:54:58:5049] | [+] Address at index 452 cleaned | Cleaned Address: Exception Raised: 'NoneType' object has no attribute 'address'
[ Jun 19 2022 03:54:59:0074] | [+] Address at index 453 cleaned | Cleaned Address: Exception Raised: 'NoneType' object has no attribute 'address'
[ Jun 19 2022 03:54:59:5659] | [+] Address at index 454 cleaned | Cleaned Address: 7439, West Strickland Street, Mountainview Estates, Douglasville, Douglas County, Georgia, 30134, United States
[ Jun 19 2022 03:55:00:0651] | [+] Address at index 455 cleaned | Cleaned Address: Exception Raised: 'NoneType' object has no attribute 'address'
[ Jun 19 2022 03:55:00:5922] | [+] Address at index 456 cleaned | Cleaned Address: Exception Raised: 'NoneType' object has no attribute 'address'
[ Jun 19 2022 03:55:01:1249] | [+] Address at index 457 cleaned | Cleaned Address: Exception Raised: 'NoneType' object has no attribute 'address'
[ Jun 19 2022 03:55:01:6895] | [+] Address at index 458 cleaned | Cleaned Address: 217, West Center Street, Fostoria, Seneca County, Ohio, 44830, United States
[ Jun 19 2022 03:55:02:1926] | [+] Address at index 459 cleaned | Cleaned Address: Exception Raised: 'NoneType' object has no attribute 'address'
[ Jun 19 2022 03:55:02:7774] | [+] Address at index 460 cleaned | Cleaned Address: 200, Highland Drive, Medina, Medina County, Ohio, 44256, United States
[ Jun 19 2022 03:55:03:3039] | [+] Address at index 461 cleaned | Cleaned Address: 416, South Broadway Street, Medina Public Square Historic District, Medina, Medina County, Ohio, 44256, United States
[ Jun 19 2022 03:55:03:8352] | [+] Address at index 462 cleaned | Cleaned Address: 120, West Water Street, Sidney Courthouse Square Historic District, Sidney, Shelby County, Ohio, 45365, United States
[ Jun 19 2022 03:55:04:3686] | [+] Address at index 463 cleaned | Cleaned Address: 2, North Court Street, Athens, Athens County, Ohio, 45701, United States
[ Jun 19 2022 03:55:04:8707] | [+] Address at index 464 cleaned | Cleaned Address: Exception Raised: 'NoneType' object has no attribute 'address'
[ Jun 19 2022 03:55:05:4147] | [+] Address at index 465 cleaned | Cleaned Address: Exception Raised: 'NoneType' object has no attribute 'address'
[ Jun 19 2022 03:55:05:9450] | [+] Address at index 466 cleaned | Cleaned Address: Exception Raised: 'NoneType' object has no attribute 'address'
[ Jun 19 2022 03:55:06:4943] | [+] Address at index 467 cleaned | Cleaned Address: Exception Raised: 'NoneType' object has no attribute 'address'
[ Jun 19 2022 03:55:07:0066] | [+] Address at index 468 cleaned | Cleaned Address: Exception Raised: 'NoneType' object has no attribute 'address'
[ Jun 19 2022 03:55:07:5458] | [+] Address at index 469 cleaned | Cleaned Address: Exception Raised: 'NoneType' object has no attribute 'address'
[ Jun 19 2022 03:55:08:0830] | [+] Address at index 470 cleaned | Cleaned Address: Exception Raised: 'NoneType' object has no attribute 'address'
[ Jun 19 2022 03:55:08:7381] | [+] Address at index 471 cleaned | Cleaned Address: Church Street, Sangerville, Piscataquis County, Maine, 04443, United States
[ Jun 19 2022 03:55:09:2452] | [+] Address at index 472 cleaned | Cleaned Address: Exception Raised: 'NoneType' object has no attribute 'address'
[ Jun 19 2022 03:55:09:7882] | [+] Address at index 473 cleaned | Cleaned Address: 1685, Mariaville Road, Mariaville, Hancock County, Maine, 04605, United States
[ Jun 19 2022 03:55:10:2974] | [+] Address at index 474 cleaned | Cleaned Address: Exception Raised: 'NoneType' object has no attribute 'address'
[ Jun 19 2022 03:55:10:8567] | [+] Address at index 475 cleaned | Cleaned Address: 130, Spring Street, Dexter, Penobscot County, Maine, 04930, United States
[ Jun 19 2022 03:55:11:3557] | [+] Address at index 476 cleaned | Cleaned Address: Exception Raised: 'NoneType' object has no attribute 'address'
[ Jun 19 2022 03:55:12:0311] | [+] Address at index 477 cleaned | Cleaned Address: 70, East Main Street, East Denmark, Denmark, Oxford County, Maine, 04022, United States
[ Jun 19 2022 03:55:12:5324] | [+] Address at index 478 cleaned | Cleaned Address: Exception Raised: 'NoneType' object has no attribute 'address'
[ Jun 19 2022 03:55:13:0786] | [+] Address at index 479 cleaned | Cleaned Address: The Oasis Club, 63, School Street, Saco, York County, Maine, 04072, United States
[ Jun 19 2022 03:55:13:5962] | [+] Address at index 480 cleaned | Cleaned Address: Exception Raised: 'NoneType' object has no attribute 'address'
