[ Sep 5 2022 16:55:45:5284] | got soup data for link: https://www.aa-meetings.com/aa-meeting/chillicothe-big-book-study/
[ Sep 5 2022 16:55:45:7867] | got soup data for link: https://www.aa-meetings.com/aa-meeting/waverly-pike-county-group/
[ Sep 5 2022 16:55:46:0516] | got soup data for link: https://www.aa-meetings.com/aa-meeting/one-step-at-a-time-group-waverly/
[ Sep 5 2022 16:55:46:3170] | got soup data for link: https://www.aa-meetings.com/aa-meeting/searsport-group/
[ Sep 5 2022 16:55:46:5912] | got soup data for link: https://www.aa-meetings.com/aa-meeting/east-millinocket-group/
[ Sep 5 2022 16:55:46:8626] | got soup data for link: https://www.aa-meetings.com/aa-meeting/togus-va-speaker-meeting/
[ Sep 5 2022 16:55:47:1268] | got soup data for link: https://www.aa-meetings.com/aa-meeting/serenity-group-augusta/
[ Sep 5 2022 16:55:48:4909] | got soup data for link: https://www.aa-meetings.com/aa-meeting/looney-toons-group/
[ Sep 5 2022 16:55:49:0383] | got soup data for link: https://www.aa-meetings.com/aa-meeting/12th-step-being-a-sponsor/
[ Sep 5 2022 16:55:50:7395] | got soup data for link: https://www.aa-meetings.com/aa-meeting/way-of-life-group-atlanta-texas/
[ Sep 5 2022 16:55:52:5381] | got soup data for link: https://www.aa-meetings.com/aa-meeting/grupo-libertad-10-de-junio/
[ Sep 5 2022 16:55:52:7989] | got soup data for link: https://www.aa-meetings.com/aa-meeting/chillicothe-first-capital-group/
[ Sep 5 2022 16:55:53:0624] | got soup data for link: https://www.aa-meetings.com/aa-meeting/chillicothe-big-book-study/
[ Sep 5 2022 16:55:53:3328] | got soup data for link: https://www.aa-meetings.com/aa-meeting/waverly-pike-county-group/
[ Sep 5 2022 16:55:53:6047] | got soup data for link: https://www.aa-meetings.com/aa-meeting/one-step-at-a-time-group-waverly/
[ Sep 5 2022 16:55:53:8982] | got soup data for link: https://www.aa-meetings.com/aa-meeting/searsport-group/
[ Sep 5 2022 16:55:54:2097] | got soup data for link: https://www.aa-meetings.com/aa-meeting/east-millinocket-group/
[ Sep 5 2022 16:55:54:4890] | got soup data for link: https://www.aa-meetings.com/aa-meeting/togus-va-speaker-meeting/
[ Sep 5 2022 16:55:54:7495] | got soup data for link: https://www.aa-meetings.com/aa-meeting/serenity-group-augusta/
[ Sep 5 2022 16:55:55:0128] | got soup data for link: https://www.aa-meetings.com/aa-meeting/looney-toons-group/
[ Sep 5 2022 16:55:55:2796] | got soup data for link: https://www.aa-meetings.com/aa-meeting/12th-step-being-a-sponsor/
[ Sep 5 2022 16:55:55:5375] | got soup data for link: https://www.aa-meetings.com/aa-meeting/way-of-life-group-atlanta-texas/
[ Sep 5 2022 16:55:55:9407] | got soup data for link: https://www.aa-meetings.com/aa-meeting/grupo-libertad-10-de-junio/
[ Sep 5 2022 16:55:59:6128] | got soup data for link: https://www.aa-meetings.com/aa-meeting/athens-group/
[ Sep 5 2022 16:55:59:8719] | got soup data for link: https://www.aa-meetings.com/aa-meeting/contoocook-keep-it-simple-group/
[ Sep 5 2022 16:56:00:1520] | got soup data for link: https://www.aa-meetings.com/aa-meeting/triangle-group-online/
[ Sep 5 2022 16:56:00:4151] | got soup data for link: https://www.aa-meetings.com/aa-meeting/aa-happy-thoughts-group/
[ Sep 5 2022 16:56:04:0511] | got soup data for link: https://www.aa-meetings.com/aa-meeting/esperanza-de-vivir/
[ Sep 5 2022 16:56:08:4186] | got soup data for link: https://www.aa-meetings.com/aa-meeting/discussion-anaheim/
[ Sep 5 2022 16:56:10:7912] | got soup data for link: https://www.aa-meetings.com/aa-meeting/in-the-hall-group/
[ Sep 5 2022 16:56:12:2487] | got soup data for link: https://www.aa-meetings.com/aa-meeting/shining-light-group/
[ Sep 5 2022 16:56:13:7022] | got soup data for link: https://www.aa-meetings.com/aa-meeting/carry-the-message-anaheim-california/
[ Sep 5 2022 16:56:14:1337] | got soup data for link: https://www.aa-meetings.com/aa-meeting/chester-big-book-group/
[ Sep 5 2022 16:56:15:3455] | got soup data for link: https://www.aa-meetings.com/aa-meeting/bills-babes-womens-book-study/
[ Sep 5 2022 16:56:16:4733] | got soup data for link: https://www.aa-meetings.com/aa-meeting/big-book-study-anaheim-california/
[ Sep 5 2022 16:56:17:5615] | got soup data for link: https://www.aa-meetings.com/aa-meeting/saturday-night-live-honolulu/
[ Sep 5 2022 16:56:18:6176] | got soup data for link: https://www.aa-meetings.com/aa-meeting/pali-womens-group/
[ Sep 5 2022 16:56:19:0042] | got soup data for link: https://www.aa-meetings.com/aa-meeting/ohua-group/
[ Sep 5 2022 16:56:20:0328] | got soup data for link: https://www.aa-meetings.com/aa-meeting/new-beginnings-womens-meeting/
[ Sep 5 2022 16:56:20:2964] | got soup data for link: https://www.aa-meetings.com/aa-meeting/malia-discussion/
[ Sep 5 2022 16:56:21:5007] | got soup data for link: https://www.aa-meetings.com/aa-meeting/huntsville-group-church-avenue/
[ Sep 5 2022 16:56:21:7645] | got soup data for link: https://www.aa-meetings.com/aa-meeting/squad-26-group-anoka-minnesota/
[ Sep 5 2022 16:56:22:9441] | got soup data for link: https://www.aa-meetings.com/aa-meeting/squad-23-anoka/
[ Sep 5 2022 16:56:24:9117] | got soup data for link: https://www.aa-meetings.com/aa-meeting/squad-20-anoka/
[ Sep 5 2022 16:56:26:1688] | got soup data for link: https://www.aa-meetings.com/aa-meeting/saturday-night-fever/
[ Sep 5 2022 16:56:26:4396] | got soup data for link: https://www.aa-meetings.com/aa-meeting/squad-2-anoka/
[ Sep 5 2022 16:56:27:6283] | got soup data for link: https://www.aa-meetings.com/aa-meeting/squad-18-anoka/
[ Sep 5 2022 16:56:29:1656] | got soup data for link: https://www.aa-meetings.com/aa-meeting/language-of-the-heart-fallon/
[ Sep 5 2022 16:56:30:3499] | got soup data for link: https://www.aa-meetings.com/aa-meeting/speaker-and-birthday-meeting/
[ Sep 5 2022 16:56:31:8622] | got soup data for link: https://www.aa-meetings.com/aa-meeting/wendover-group/
[ Sep 5 2022 16:56:32:1235] | got soup data for link: https://www.aa-meetings.com/aa-meeting/big-book-meeting-sparks/
[ Sep 5 2022 16:56:33:3089] | got soup data for link: https://www.aa-meetings.com/aa-meeting/eureka-group-south-main-street/
[ Sep 5 2022 16:56:34:5474] | got soup data for link: https://www.aa-meetings.com/aa-meeting/out-of-the-fog-out-of-the-bog-and-into-the-light/
[ Sep 5 2022 16:56:35:8945] | got soup data for link: https://www.aa-meetings.com/aa-meeting/keep-it-simple-franklin-tennessee/
[ Sep 5 2022 16:56:36:2036] | got soup data for link: https://www.aa-meetings.com/aa-meeting/gratitude-and-hope-group/
[ Sep 5 2022 16:56:37:8988] | got soup data for link: https://www.aa-meetings.com/aa-meeting/franklin-group-tennessee/
[ Sep 5 2022 16:56:38:1590] | got soup data for link: https://www.aa-meetings.com/aa-meeting/fairview-group-fairview-tennessee/
[ Sep 5 2022 16:56:39:8443] | got soup data for link: https://www.aa-meetings.com/aa-meeting/way-out-west/
[ Sep 5 2022 16:56:40:9613] | got soup data for link: https://www.aa-meetings.com/aa-meeting/tuesday-night-mens-stag/
[ Sep 5 2022 16:56:43:1553] | got soup data for link: https://www.aa-meetings.com/aa-meeting/surrender-to-win-group/
[ Sep 5 2022 16:56:44:3642] | got soup data for link: https://www.aa-meetings.com/aa-meeting/bone-dry-group-buckeye-arizona/
[ Sep 5 2022 16:56:44:6316] | got soup data for link: https://www.aa-meetings.com/aa-meeting/black-canyon-city-aa-group/
[ Sep 5 2022 16:56:45:8207] | got soup data for link: https://www.aa-meetings.com/aa-meeting/dry-dock-group-ruthven/
[ Sep 5 2022 16:56:46:1222] | got soup data for link: https://www.aa-meetings.com/aa-meeting/williams-hall-group/
[ Sep 5 2022 16:56:48:1279] | got soup data for link: https://www.aa-meetings.com/aa-meeting/dewitt-meeting/
[ Sep 5 2022 16:56:48:3981] | got soup data for link: https://www.aa-meetings.com/aa-meeting/t-g-i-s-group-alton/
[ Sep 5 2022 16:56:49:5799] | got soup data for link: https://www.aa-meetings.com/aa-meeting/women-in-recovery-12-and-12-meeting/
[ Sep 5 2022 16:56:50:7826] | got soup data for link: https://www.aa-meetings.com/aa-meeting/saturday-morning-bbsg/
[ Sep 5 2022 16:56:52:2601] | got soup data for link: https://www.aa-meetings.com/aa-meeting/by-the-book-bb-12-step-study/
[ Sep 5 2022 16:56:53:7365] | got soup data for link: https://www.aa-meetings.com/aa-meeting/battle-ground-aa-meeting/
[ Sep 5 2022 16:56:54:7855] | got soup data for link: https://www.aa-meetings.com/aa-meeting/mens-spiritual-search-group/
[ Sep 5 2022 16:56:56:0237] | got soup data for link: https://www.aa-meetings.com/aa-meeting/12-and-12-book-study-antioch-illinois/
[ Sep 5 2022 16:56:57:4712] | got soup data for link: https://www.aa-meetings.com/aa-meeting/st-annes-elementary-school-saturdays/
[ Sep 5 2022 16:56:58:8095] | got soup data for link: https://www.aa-meetings.com/aa-meeting/emmanuel-lutheran-church-wednesdays/
[ Sep 5 2022 16:56:59:0927] | got soup data for link: https://www.aa-meetings.com/aa-meeting/emmanuel-lutheran-church-mondays/
[ Sep 5 2022 16:57:00:6063] | got soup data for link: https://www.aa-meetings.com/aa-meeting/the-market-street-group/
[ Sep 5 2022 16:57:01:9103] | got soup data for link: https://www.aa-meetings.com/aa-meeting/mens-meeting-cheyenne/
[ Sep 5 2022 16:57:03:2673] | got soup data for link: https://www.aa-meetings.com/aa-meeting/group-1-at-300-club/
[ Sep 5 2022 16:57:04:4663] | got soup data for link: https://www.aa-meetings.com/aa-meeting/thursday-night-royal-meeting/
[ Sep 5 2022 16:57:04:7621] | got soup data for link: https://www.aa-meetings.com/aa-meeting/fellowship-in-recovery-cheyenne-wyoming/
[ Sep 5 2022 16:57:05:0192] | got soup data for link: https://www.aa-meetings.com/aa-meeting/sun-fun-group/
[ Sep 5 2022 16:57:06:2000] | got soup data for link: https://www.aa-meetings.com/aa-meeting/eye-openers-group-cheyenne/
[ Sep 5 2022 16:57:06:6422] | got soup data for link: https://www.aa-meetings.com/aa-meeting/poplar-group/
[ Sep 5 2022 16:57:07:8415] | got soup data for link: https://www.aa-meetings.com/aa-meeting/eye-openers-group-beginners-meeting/
[ Sep 5 2022 16:57:10:0614] | got soup data for link: https://www.aa-meetings.com/aa-meeting/north-myrtle-beach-group/
[ Sep 5 2022 16:57:10:3293] | got soup data for link: https://www.aa-meetings.com/aa-meeting/love-and-tolerance-north-myrtle-beach/
[ Sep 5 2022 16:57:12:7201] | got soup data for link: https://www.aa-meetings.com/aa-meeting/choices-group-ashville-pennsylvania/
[ Sep 5 2022 16:57:14:2040] | got soup data for link: https://www.aa-meetings.com/aa-meeting/oconee-group/
[ Sep 5 2022 16:57:14:4904] | got soup data for link: https://www.aa-meetings.com/aa-meeting/happy-joyous-and-free-group-ashley-pennsylvania/
[ Sep 5 2022 16:57:15:8302] | got soup data for link: https://www.aa-meetings.com/aa-meeting/higher-learners-group/
[ Sep 5 2022 16:57:17:3720] | got soup data for link: https://www.aa-meetings.com/aa-meeting/fountain-roc-group/
[ Sep 5 2022 16:57:18:6164] | got soup data for link: https://www.aa-meetings.com/aa-meeting/new-year-group-bayhealth/
[ Sep 5 2022 16:57:20:2739] | got soup data for link: https://www.aa-meetings.com/aa-meeting/turning-point-group-altoona-pennsylvania/
[ Sep 5 2022 16:57:20:5424] | got soup data for link: https://www.aa-meetings.com/aa-meeting/going-to-any-lengths-dover/
[ Sep 5 2022 16:57:21:9349] | got soup data for link: https://www.aa-meetings.com/aa-meeting/toast-masters-group/
[ Sep 5 2022 16:57:23:4835] | got soup data for link: https://www.aa-meetings.com/aa-meeting/fresh-air-dover/
[ Sep 5 2022 16:57:23:7493] | got soup data for link: https://www.aa-meetings.com/aa-meeting/bridge-to-life-group/
[ Sep 5 2022 16:57:24:0211] | got soup data for link: https://www.aa-meetings.com/aa-meeting/amagansett-saturday-night/
[ Sep 5 2022 16:57:25:3771] | got soup data for link: https://www.aa-meetings.com/aa-meeting/saturdays-in-the-park/
[ Sep 5 2022 16:57:25:7659] | got soup data for link: https://www.aa-meetings.com/aa-meeting/amagansett-group/
[ Sep 5 2022 16:57:27:0285] | got soup data for link: https://www.aa-meetings.com/aa-meeting/the-altamont-group/
[ Sep 5 2022 16:57:28:2491] | got soup data for link: https://www.aa-meetings.com/aa-meeting/portsmouth-nooners/
[ Sep 5 2022 16:57:29:5507] | got soup data for link: https://www.aa-meetings.com/aa-meeting/lifeline-group-allegany-new-york/
[ Sep 5 2022 16:57:31:0729] | got soup data for link: https://www.aa-meetings.com/aa-meeting/care-group-portsmouth/
[ Sep 5 2022 16:57:32:4584] | got soup data for link: https://www.aa-meetings.com/aa-meeting/beginning-life-group/
[ Sep 5 2022 16:57:34:0499] | got soup data for link: https://www.aa-meetings.com/aa-meeting/inner-faith-group/
[ Sep 5 2022 16:57:35:5067] | got soup data for link: https://www.aa-meetings.com/aa-meeting/active-meeting/
[ Sep 5 2022 16:57:38:3706] | got soup data for link: https://www.aa-meetings.com/aa-meeting/band-of-brothers-kalispell/
[ Sep 5 2022 16:57:40:8881] | got soup data for link: https://www.aa-meetings.com/aa-meeting/now-group-big-timber/
[ Sep 5 2022 16:57:42:0852] | got soup data for link: https://www.aa-meetings.com/aa-meeting/welcome-home-group-sidney/
[ Sep 5 2022 16:57:43:7179] | got soup data for link: https://www.aa-meetings.com/aa-meeting/monday-noon-group-sidney/
